#
# There is insufficient memory for the Java Runtime Environment to continue.
# Native memory allocation (mmap) failed to map 134217728 bytes for G1 virtual space
# Possible reasons:
#   The system is out of physical RAM or swap space
#   The process is running with CompressedOops enabled, and the Java Heap may be blocking the growth of the native heap
# Possible solutions:
#   Reduce memory load on the system
#   Increase physical memory or swap space
#   Check if swap backing store is full
#   Decrease Java heap size (-Xmx/-Xms)
#   Decrease number of Java threads
#   Decrease Java thread stack sizes (-Xss)
#   Set larger code cache with -XX:ReservedCodeCacheSize=
#   JVM is running with Unscaled Compressed Oops mode in which the Java heap is
#     placed in the first 4GB address space. The Java Heap base address is the
#     maximum limit for the native heap growth. Please use -XX:HeapBaseMinAddress
#     to set the Java Heap base and to place the Java Heap above 4GB virtual address.
# This output file may be truncated or incomplete.
#
#  Out of Memory Error (os_windows.cpp:3532), pid=6532, tid=13820
#
# JRE version:  (17.0.2+8) (build )
# Java VM: OpenJDK 64-Bit Server VM (17.0.2+8-86, mixed mode, sharing, tiered, compressed oops, compressed class ptrs, g1 gc, windows-amd64)
# No core dump will be written. Minidumps are not enabled by default on client versions of Windows
#

---------------  S U M M A R Y ------------

Command Line: gui.TelaAutenticacao

Host: Intel(R) Core(TM) i7-7700HQ CPU @ 2.80GHz, 8 cores, 7G,  Windows 10 , 64 bit Build 19041 (10.0.19041.3636)
Time: Sat Dec  9 13:35:57 2023 Hora oficial do Brasil elapsed time: 0.013893 seconds (0d 0h 0m 0s)

---------------  T H R E A D  ---------------

Current thread (0x000002ed758311e0):  JavaThread "Unknown thread" [_thread_in_vm, id=13820, stack(0x000000ffc9e00000,0x000000ffc9f00000)]

Stack: [0x000000ffc9e00000,0x000000ffc9f00000]
Native frames: (J=compiled Java code, j=interpreted, Vv=VM code, C=native code)
V  [jvm.dll+0x670baa]
V  [jvm.dll+0x7cfcb4]
V  [jvm.dll+0x7d145e]
V  [jvm.dll+0x7d1ac3]
V  [jvm.dll+0x242bc5]
V  [jvm.dll+0x66dac9]
V  [jvm.dll+0x662412]
V  [jvm.dll+0x300c0b]
V  [jvm.dll+0x3081a6]
V  [jvm.dll+0x357d0e]
V  [jvm.dll+0x357f3f]
V  [jvm.dll+0x2d7ec8]
V  [jvm.dll+0x2d8e34]
V  [jvm.dll+0x7a18c1]
V  [jvm.dll+0x365a91]
V  [jvm.dll+0x780d2c]
V  [jvm.dll+0x3e845f]
V  [jvm.dll+0x3e9f01]
C  [jli.dll+0x527b]
C  [ucrtbase.dll+0x21bb2]
C  [KERNEL32.DLL+0x17344]
C  [ntdll.dll+0x526b1]


---------------  P R O C E S S  ---------------

Threads class SMR info:
_java_thread_list=0x00007ff989789858, length=0, elements={
}

Java Threads: ( => current thread )

Other Threads:
  0x000002ed758704c0 GCTaskThread "GC Thread#0" [stack: 0x000000ffc9f00000,0x000000ffca000000] [id=4092]
  0x000002ed75881080 ConcurrentGCThread "G1 Main Marker" [stack: 0x000000ffca000000,0x000000ffca100000] [id=1308]
  0x000002ed75881a90 ConcurrentGCThread "G1 Conc#0" [stack: 0x000000ffca100000,0x000000ffca200000] [id=4420]

[error occurred during error reporting (printing all threads), id 0xc0000005, EXCEPTION_ACCESS_VIOLATION (0xc0000005) at pc=0x00007ff988fd88a7]

VM state: not at safepoint (not fully initialized)

VM Mutex/Monitor currently owned by a thread:  ([mutex/lock_event])
[0x000002ed7582e590] Heap_lock - owner thread: 0x000002ed758311e0

Heap address: 0x0000000081c00000, size: 2020 MB, Compressed Oops mode: 32-bit

CDS archive(s) mapped at: [0x0000000000000000-0x0000000000000000-0x0000000000000000), size 0, SharedBaseAddress: 0x0000000800000000, ArchiveRelocationMode: 0.
Narrow klass base: 0x0000000000000000, Narrow klass shift: 0, Narrow klass range: 0x0

GC Precious Log:
<Empty>

Heap:
 garbage-first heap   total 0K, used 0K [0x0000000081c00000, 0x0000000100000000)
  region size 1024K, 0 young (0K), 0 survivors (0K)

[error occurred during error reporting (printing heap information), id 0xc0000005, EXCEPTION_ACCESS_VIOLATION (0xc0000005) at pc=0x00007ff9893b9f19]

GC Heap History (0 events):
No events

Deoptimization events (0 events):
No events

Classes unloaded (0 events):
No events

Classes redefined (0 events):
No events

Internal exceptions (0 events):
No events

VM Operations (0 events):
No events

Events (1 events):
Event: 0.008 Loaded shared library C:\Users\xtron\Desktop\java\jdk-17.0.2\bin\java.dll


Dynamic libraries:
0x00007ff640c70000 - 0x00007ff640c7e000 	C:\Users\xtron\Desktop\java\jdk-17.0.2\bin\java.exe
0x00007ffa1ec90000 - 0x00007ffa1ee88000 	C:\WINDOWS\SYSTEM32\ntdll.dll
0x00007ffa1e020000 - 0x00007ffa1e0dd000 	C:\WINDOWS\System32\KERNEL32.DLL
0x00007ffa1c420000 - 0x00007ffa1c716000 	C:\WINDOWS\System32\KERNELBASE.dll
0x00007ffa1cbf0000 - 0x00007ffa1ccf0000 	C:\WINDOWS\System32\ucrtbase.dll
0x00007ff9fb290000 - 0x00007ff9fb2aa000 	C:\Users\xtron\Desktop\java\jdk-17.0.2\bin\VCRUNTIME140.dll
0x00007ffa14f90000 - 0x00007ffa14fa8000 	C:\Users\xtron\Desktop\java\jdk-17.0.2\bin\jli.dll
0x00007ffa1d830000 - 0x00007ffa1d9ce000 	C:\WINDOWS\System32\USER32.dll
0x00007ffa1c7b0000 - 0x00007ffa1c7d2000 	C:\WINDOWS\System32\win32u.dll
0x00007ffa04960000 - 0x00007ffa04bfa000 	C:\WINDOWS\WinSxS\amd64_microsoft.windows.common-controls_6595b64144ccf1df_6.0.19041.3636_none_60b6a03d71f818d5\COMCTL32.dll
0x00007ffa1d4f0000 - 0x00007ffa1d51c000 	C:\WINDOWS\System32\GDI32.dll
0x00007ffa1e8e0000 - 0x00007ffa1e97e000 	C:\WINDOWS\System32\msvcrt.dll
0x00007ffa1c7e0000 - 0x00007ffa1c8fa000 	C:\WINDOWS\System32\gdi32full.dll
0x00007ffa1c970000 - 0x00007ffa1ca0d000 	C:\WINDOWS\System32\msvcp_win.dll
0x00007ffa1d680000 - 0x00007ffa1d6b0000 	C:\WINDOWS\System32\IMM32.DLL
0x00007ff9fdf60000 - 0x00007ff9fdf6c000 	C:\Users\xtron\Desktop\java\jdk-17.0.2\bin\vcruntime140_1.dll
0x00007ff98b910000 - 0x00007ff98b99d000 	C:\Users\xtron\Desktop\java\jdk-17.0.2\bin\msvcp140.dll
0x00007ff988cf0000 - 0x00007ff9898b1000 	C:\Users\xtron\Desktop\java\jdk-17.0.2\bin\server\jvm.dll
0x00007ffa1e990000 - 0x00007ffa1ea3f000 	C:\WINDOWS\System32\ADVAPI32.dll
0x00007ffa1d3f0000 - 0x00007ffa1d48c000 	C:\WINDOWS\System32\sechost.dll
0x00007ffa1def0000 - 0x00007ffa1e016000 	C:\WINDOWS\System32\RPCRT4.dll
0x00007ffa1d6c0000 - 0x00007ffa1d6c8000 	C:\WINDOWS\System32\PSAPI.DLL
0x00007ffa0b780000 - 0x00007ffa0b78a000 	C:\WINDOWS\SYSTEM32\VERSION.dll
0x00007ffa093f0000 - 0x00007ffa09417000 	C:\WINDOWS\SYSTEM32\WINMM.dll
0x00007ff9f87b0000 - 0x00007ff9f87b9000 	C:\WINDOWS\SYSTEM32\WSOCK32.dll
0x00007ffa1d7c0000 - 0x00007ffa1d82b000 	C:\WINDOWS\System32\WS2_32.dll
0x00007ffa1a1f0000 - 0x00007ffa1a202000 	C:\WINDOWS\SYSTEM32\kernel.appcore.dll
0x00007ff9fd990000 - 0x00007ff9fd99a000 	C:\Users\xtron\Desktop\java\jdk-17.0.2\bin\jimage.dll
0x00007ffa089c0000 - 0x00007ffa08ba4000 	C:\WINDOWS\SYSTEM32\DBGHELP.DLL
0x00007ffa02b20000 - 0x00007ffa02b54000 	C:\WINDOWS\SYSTEM32\dbgcore.DLL
0x00007ffa1c720000 - 0x00007ffa1c7a2000 	C:\WINDOWS\System32\bcryptPrimitives.dll
0x00007ff9f8900000 - 0x00007ff9f8925000 	C:\Users\xtron\Desktop\java\jdk-17.0.2\bin\java.dll

dbghelp: loaded successfully - version: 4.0.5 - missing functions: none
symbol engine: initialized successfully - sym options: 0x614 - pdb path: .;C:\Users\xtron\Desktop\java\jdk-17.0.2\bin;C:\WINDOWS\SYSTEM32;C:\WINDOWS\WinSxS\amd64_microsoft.windows.common-controls_6595b64144ccf1df_6.0.19041.3636_none_60b6a03d71f818d5;C:\Users\xtron\Desktop\java\jdk-17.0.2\bin\server

VM Arguments:
java_command: gui.TelaAutenticacao
java_class_path (initial): C:\Users\xtron\Desktop\TCD-POO\TCD-POO\target\classes;C:\Users\xtron\.m2\repository\com\mysql\mysql-connector-j\8.2.0\mysql-connector-j-8.2.0.jar;C:\Users\xtron\.m2\repository\com\google\protobuf\protobuf-java\3.21.9\protobuf-java-3.21.9.jar
Launcher Type: SUN_STANDARD

[Global flags]
     intx CICompilerCount                          = 4                                         {product} {ergonomic}
     uint ConcGCThreads                            = 2                                         {product} {ergonomic}
     uint G1ConcRefinementThreads                  = 8                                         {product} {ergonomic}
   size_t G1HeapRegionSize                         = 1048576                                   {product} {ergonomic}
    uintx GCDrainStackTargetSize                   = 64                                        {product} {ergonomic}
   size_t InitialHeapSize                          = 134217728                                 {product} {ergonomic}
   size_t MarkStackSize                            = 4194304                                   {product} {ergonomic}
   size_t MaxHeapSize                              = 2118123520                                {product} {ergonomic}
   size_t MinHeapDeltaBytes                        = 1048576                                   {product} {ergonomic}
   size_t MinHeapSize                              = 8388608                                   {product} {ergonomic}
    uintx NonNMethodCodeHeapSize                   = 5839372                                {pd product} {ergonomic}
    uintx NonProfiledCodeHeapSize                  = 122909434                              {pd product} {ergonomic}
    uintx ProfiledCodeHeapSize                     = 122909434                              {pd product} {ergonomic}
    uintx ReservedCodeCacheSize                    = 251658240                              {pd product} {ergonomic}
     bool SegmentedCodeCache                       = true                                      {product} {ergonomic}
   size_t SoftMaxHeapSize                          = 2118123520                             {manageable} {ergonomic}
     bool UseCompressedClassPointers               = true                           {product lp64_product} {ergonomic}
     bool UseCompressedOops                        = true                           {product lp64_product} {ergonomic}
     bool UseG1GC                                  = true                                      {product} {ergonomic}
     bool UseLargePagesIndividualAllocation        = false                                  {pd product} {ergonomic}

Logging:
Log output configuration:
 #0: stdout all=warning uptime,level,tags
 #1: stderr all=off uptime,level,tags

Environment Variables:
JAVA_HOME=C:\Users\xtron\Desktop\java\jdk-17.0.2
PATH=C:\Program Files (x86)\Intel\iCLS Client\;C:\Program Files\Intel\iCLS Client\;C:\Windows\system32;C:\Windows;C:\Windows\System32\Wbem;C:\Windows\System32\WindowsPowerShell\v1.0\;C:\Program Files (x86)\NVIDIA Corporation\PhysX\Common;C:\Program Files (x86)\Intel\Intel(R) Management Engine Components\DAL;C:\Program Files\Intel\Intel(R) Management Engine Components\DAL;C:\Program Files (x86)\Intel\Intel(R) Management Engine Components\IPT;C:\Program Files\Intel\Intel(R) Management Engine Components\IPT;C:\WINDOWS\system32;C:\WINDOWS;C:\WINDOWS\System32\Wbem;C:\WINDOWS\System32\WindowsPowerShell\v1.0\;C:\WINDOWS\System32\OpenSSH\;C:\Program Files\NVIDIA Corporation\NVIDIA NvDLISR;C:\Program Files\Process Lasso\;C:\MinGW\bin;C:\Users\xtron\Desktop\java\jdk-17.0.2\bin;C:\Program Files\Git\cmd;C:\Users\xtron\AppData\Local\Microsoft\WindowsApps;C:\Program Files\JetBrains\PyCharm Community Edition 2021.1.1\bin;C:\Users\xtron\AppData\Local\Programs\Microsoft VS Code\bin;C:\Users\xtron\AppData\Local\gitkraken\bin;%USERPROFILE%\AppData\Local\Microsoft\WindowsApps;
USERNAME=xtron
OS=Windows_NT
PROCESSOR_IDENTIFIER=Intel64 Family 6 Model 158 Stepping 9, GenuineIntel



---------------  S Y S T E M  ---------------

OS:
 Windows 10 , 64 bit Build 19041 (10.0.19041.3636)
OS uptime: 0 days 1:09 hours
Hyper-V role detected

CPU: total 8 (initial active 8) (4 cores per cpu, 2 threads per core) family 6 model 158 stepping 9 microcode 0xb4, cx8, cmov, fxsr, ht, mmx, 3dnowpref, sse, sse2, sse3, ssse3, sse4.1, sse4.2, popcnt, lzcnt, tsc, tscinvbit, avx, avx2, aes, erms, clmul, bmi1, bmi2, adx, fma, vzeroupper, clflush, clflushopt, hv

Memory: 4k page, system-wide physical 8076M (747M free)
TotalPageFile size 12172M (AvailPageFile size 83M)
current process WorkingSet (physical memory assigned to process): 10M, peak: 10M
current process commit charge ("private bytes"): 60M, peak: 188M

vm_info: OpenJDK 64-Bit Server VM (17.0.2+8-86) for windows-amd64 JRE (17.0.2+8-86), built on Dec  7 2021 21:49:10 by "mach5one" with MS VC++ 16.8 / 16.9 (VS2019)

END.
