#
# There is insufficient memory for the Java Runtime Environment to continue.
# Native memory allocation (malloc) failed to allocate 475696 bytes for Chunk::new
# Possible reasons:
#   The system is out of physical RAM or swap space
#   The process is running with CompressedOops enabled, and the Java Heap may be blocking the growth of the native heap
# Possible solutions:
#   Reduce memory load on the system
#   Increase physical memory or swap space
#   Check if swap backing store is full
#   Decrease Java heap size (-Xmx/-Xms)
#   Decrease number of Java threads
#   Decrease Java thread stack sizes (-Xss)
#   Set larger code cache with -XX:ReservedCodeCacheSize=
#   JVM is running with Unscaled Compressed Oops mode in which the Java heap is
#     placed in the first 4GB address space. The Java Heap base address is the
#     maximum limit for the native heap growth. Please use -XX:HeapBaseMinAddress
#     to set the Java Heap base and to place the Java Heap above 4GB virtual address.
# This output file may be truncated or incomplete.
#
#  Out of Memory Error (arena.cpp:189), pid=5352, tid=8004
#
# JRE version: OpenJDK Runtime Environment (17.0.2+8) (build 17.0.2+8-86)
# Java VM: OpenJDK 64-Bit Server VM (17.0.2+8-86, mixed mode, sharing, tiered, compressed oops, compressed class ptrs, g1 gc, windows-amd64)
# No core dump will be written. Minidumps are not enabled by default on client versions of Windows
#

---------------  S U M M A R Y ------------

Command Line: -Dclassworlds.conf=C:\Program Files\NetBeans-18\netbeans\java\maven\bin\m2.conf -Dmaven.home=C:\Program Files\NetBeans-18\netbeans\java\maven -Dlibrary.jansi.path=C:\Program Files\NetBeans-18\netbeans\java\maven\lib\jansi-native -Dmaven.multiModuleProjectDirectory=C:\Users\xtron\Desktop\TCD-POO\TCD-POO org.codehaus.plexus.classworlds.launcher.Launcher -Dexec.vmArgs= -Dexec.args=${exec.vmArgs} -classpath %classpath ${exec.mainClass} ${exec.appArgs} -Dexec.appArgs= -Dexec.mainClass=gui.TelaAutenticacao -Dexec.executable=C:\Users\xtron\Desktop\java\jdk-17.0.2\bin\java.exe -Dmaven.ext.class.path=C:\Program Files\NetBeans-18\netbeans\java\maven-nblib\netbeans-eventspy.jar -Dfile.encoding=UTF-8 --no-transfer-progress process-classes org.codehaus.mojo:exec-maven-plugin:3.1.0:exec

Host: Intel(R) Core(TM) i7-7700HQ CPU @ 2.80GHz, 8 cores, 7G,  Windows 10 , 64 bit Build 19041 (10.0.19041.3636)
Time: Sat Dec  9 20:17:51 2023 Hora oficial do Brasil elapsed time: 0.920155 seconds (0d 0h 0m 0s)

---------------  T H R E A D  ---------------

Current thread (0x000001e3bc8e3770):  JavaThread "C2 CompilerThread1" daemon [_thread_in_native, id=8004, stack(0x000000df1d100000,0x000000df1d200000)]


Current CompileTask:
C2:    920  955       4       java.io.InputStreamReader::read (11 bytes)

Stack: [0x000000df1d100000,0x000000df1d200000]
Native frames: (J=compiled Java code, j=interpreted, Vv=VM code, C=native code)
V  [jvm.dll+0x670baa]
V  [jvm.dll+0x7cfcb4]
V  [jvm.dll+0x7d145e]
V  [jvm.dll+0x7d1ac3]
V  [jvm.dll+0x242bc5]
V  [jvm.dll+0xaa57b]
V  [jvm.dll+0xaab0c]
V  [jvm.dll+0x35fcb2]
V  [jvm.dll+0x32a331]
V  [jvm.dll+0x3297da]
V  [jvm.dll+0x215c91]
V  [jvm.dll+0x2150b1]
V  [jvm.dll+0x1a1bbd]
V  [jvm.dll+0x224908]
V  [jvm.dll+0x222a6c]
V  [jvm.dll+0x7859bb]
V  [jvm.dll+0x77ff7a]
V  [jvm.dll+0x66fa35]
C  [ucrtbase.dll+0x21bb2]
C  [KERNEL32.DLL+0x17344]
C  [ntdll.dll+0x526b1]


---------------  P R O C E S S  ---------------

Threads class SMR info:
_java_thread_list=0x000001e3bc9b3c10, length=14, elements={
0x000001e39d4e24c0, 0x000001e3bb56cd30, 0x000001e3bb56e340, 0x000001e3bb582720,
0x000001e3bb5832d0, 0x000001e3bb586430, 0x000001e3bb587580, 0x000001e3bb58b810,
0x000001e3bb58ca50, 0x000001e3bb58fbf0, 0x000001e3bc09d6a0, 0x000001e3bc0a5170,
0x000001e3bc8e3770, 0x000001e3bca5b8a0
}

Java Threads: ( => current thread )
  0x000001e39d4e24c0 JavaThread "main" [_thread_in_Java, id=10080, stack(0x000000df1be00000,0x000000df1bf00000)]
  0x000001e3bb56cd30 JavaThread "Reference Handler" daemon [_thread_blocked, id=15000, stack(0x000000df1c500000,0x000000df1c600000)]
  0x000001e3bb56e340 JavaThread "Finalizer" daemon [_thread_blocked, id=5752, stack(0x000000df1c600000,0x000000df1c700000)]
  0x000001e3bb582720 JavaThread "Signal Dispatcher" daemon [_thread_blocked, id=15304, stack(0x000000df1c700000,0x000000df1c800000)]
  0x000001e3bb5832d0 JavaThread "Attach Listener" daemon [_thread_blocked, id=8700, stack(0x000000df1c800000,0x000000df1c900000)]
  0x000001e3bb586430 JavaThread "Service Thread" daemon [_thread_blocked, id=8684, stack(0x000000df1c900000,0x000000df1ca00000)]
  0x000001e3bb587580 JavaThread "Monitor Deflation Thread" daemon [_thread_blocked, id=15352, stack(0x000000df1ca00000,0x000000df1cb00000)]
  0x000001e3bb58b810 JavaThread "C2 CompilerThread0" daemon [_thread_in_native, id=4072, stack(0x000000df1cb00000,0x000000df1cc00000)]
  0x000001e3bb58ca50 JavaThread "C1 CompilerThread0" daemon [_thread_blocked, id=4556, stack(0x000000df1cc00000,0x000000df1cd00000)]
  0x000001e3bb58fbf0 JavaThread "Sweeper thread" daemon [_thread_blocked, id=5568, stack(0x000000df1cd00000,0x000000df1ce00000)]
  0x000001e3bc09d6a0 JavaThread "Notification Thread" daemon [_thread_blocked, id=14840, stack(0x000000df1ce00000,0x000000df1cf00000)]
  0x000001e3bc0a5170 JavaThread "Common-Cleaner" daemon [_thread_blocked, id=3344, stack(0x000000df1d000000,0x000000df1d100000)]
=>0x000001e3bc8e3770 JavaThread "C2 CompilerThread1" daemon [_thread_in_native, id=8004, stack(0x000000df1d100000,0x000000df1d200000)]
  0x000001e3bca5b8a0 JavaThread "C2 CompilerThread2" daemon [_thread_in_native, id=15156, stack(0x000000df1d200000,0x000000df1d300000)]

Other Threads:
  0x000001e3bb565170 VMThread "VM Thread" [stack: 0x000000df1c400000,0x000000df1c500000] [id=8716]
  0x000001e39d5442b0 WatcherThread [stack: 0x000000df1cf00000,0x000000df1d000000] [id=15188]
  0x000001e39d520880 GCTaskThread "GC Thread#0" [stack: 0x000000df1bf00000,0x000000df1c000000] [id=10592]
  0x000001e39d531440 ConcurrentGCThread "G1 Main Marker" [stack: 0x000000df1c000000,0x000000df1c100000] [id=14872]
  0x000001e39d533600 ConcurrentGCThread "G1 Conc#0" [stack: 0x000000df1c100000,0x000000df1c200000] [id=6680]
  0x000001e39d5bd170 ConcurrentGCThread "G1 Refine#0" [stack: 0x000000df1c200000,0x000000df1c300000] [id=14712]
  0x000001e39d5bdb90 ConcurrentGCThread "G1 Service" [stack: 0x000000df1c300000,0x000000df1c400000] [id=14608]

Threads with active compile tasks:
C2 CompilerThread0      940  952   !   4       sun.nio.cs.StreamDecoder::read (196 bytes)
C2 CompilerThread1      940  955       4       java.io.InputStreamReader::read (11 bytes)
C2 CompilerThread2      940  956       4       org.codehaus.plexus.util.xml.XmlReader::read (11 bytes)

VM state: not at safepoint (normal execution)

VM Mutex/Monitor currently owned by a thread: None

Heap address: 0x0000000081c00000, size: 2020 MB, Compressed Oops mode: 32-bit

CDS archive(s) mapped at: [0x0000000800000000-0x0000000800bc0000-0x0000000800bc0000), size 12320768, SharedBaseAddress: 0x0000000800000000, ArchiveRelocationMode: 0.
Compressed class space mapped at: 0x0000000800c00000-0x0000000840c00000, reserved size: 1073741824
Narrow klass base: 0x0000000800000000, Narrow klass shift: 0, Narrow klass range: 0x100000000

GC Precious Log:
 CPUs: 8 total, 8 available
 Memory: 8076M
 Large Page Support: Disabled
 NUMA Support: Disabled
 Compressed Oops: Enabled (32-bit)
 Heap Region Size: 1M
 Heap Min Capacity: 8M
 Heap Initial Capacity: 128M
 Heap Max Capacity: 2020M
 Pre-touch: Disabled
 Parallel Workers: 8
 Concurrent Workers: 2
 Concurrent Refinement Workers: 8
 Periodic GC: Disabled

Heap:
 garbage-first heap   total 131072K, used 20480K [0x0000000081c00000, 0x0000000100000000)
  region size 1024K, 22 young (22528K), 0 survivors (0K)
 Metaspace       used 5077K, committed 5184K, reserved 1056768K
  class space    used 606K, committed 640K, reserved 1048576K

Heap Regions: E=young(eden), S=young(survivor), O=old, HS=humongous(starts), HC=humongous(continues), CS=collection set, F=free, OA=open archive, CA=closed archive, TAMS=top-at-mark-start (previous, next)
|   0|0x0000000081c00000, 0x0000000081c00000, 0x0000000081d00000|  0%| F|  |TAMS 0x0000000081c00000, 0x0000000081c00000| Untracked 
|   1|0x0000000081d00000, 0x0000000081d00000, 0x0000000081e00000|  0%| F|  |TAMS 0x0000000081d00000, 0x0000000081d00000| Untracked 
|   2|0x0000000081e00000, 0x0000000081e00000, 0x0000000081f00000|  0%| F|  |TAMS 0x0000000081e00000, 0x0000000081e00000| Untracked 
|   3|0x0000000081f00000, 0x0000000081f00000, 0x0000000082000000|  0%| F|  |TAMS 0x0000000081f00000, 0x0000000081f00000| Untracked 
|   4|0x0000000082000000, 0x0000000082000000, 0x0000000082100000|  0%| F|  |TAMS 0x0000000082000000, 0x0000000082000000| Untracked 
|   5|0x0000000082100000, 0x0000000082100000, 0x0000000082200000|  0%| F|  |TAMS 0x0000000082100000, 0x0000000082100000| Untracked 
|   6|0x0000000082200000, 0x0000000082200000, 0x0000000082300000|  0%| F|  |TAMS 0x0000000082200000, 0x0000000082200000| Untracked 
|   7|0x0000000082300000, 0x0000000082300000, 0x0000000082400000|  0%| F|  |TAMS 0x0000000082300000, 0x0000000082300000| Untracked 
|   8|0x0000000082400000, 0x0000000082400000, 0x0000000082500000|  0%| F|  |TAMS 0x0000000082400000, 0x0000000082400000| Untracked 
|   9|0x0000000082500000, 0x0000000082500000, 0x0000000082600000|  0%| F|  |TAMS 0x0000000082500000, 0x0000000082500000| Untracked 
|  10|0x0000000082600000, 0x0000000082600000, 0x0000000082700000|  0%| F|  |TAMS 0x0000000082600000, 0x0000000082600000| Untracked 
|  11|0x0000000082700000, 0x0000000082700000, 0x0000000082800000|  0%| F|  |TAMS 0x0000000082700000, 0x0000000082700000| Untracked 
|  12|0x0000000082800000, 0x0000000082800000, 0x0000000082900000|  0%| F|  |TAMS 0x0000000082800000, 0x0000000082800000| Untracked 
|  13|0x0000000082900000, 0x0000000082900000, 0x0000000082a00000|  0%| F|  |TAMS 0x0000000082900000, 0x0000000082900000| Untracked 
|  14|0x0000000082a00000, 0x0000000082a00000, 0x0000000082b00000|  0%| F|  |TAMS 0x0000000082a00000, 0x0000000082a00000| Untracked 
|  15|0x0000000082b00000, 0x0000000082b00000, 0x0000000082c00000|  0%| F|  |TAMS 0x0000000082b00000, 0x0000000082b00000| Untracked 
|  16|0x0000000082c00000, 0x0000000082c00000, 0x0000000082d00000|  0%| F|  |TAMS 0x0000000082c00000, 0x0000000082c00000| Untracked 
|  17|0x0000000082d00000, 0x0000000082d00000, 0x0000000082e00000|  0%| F|  |TAMS 0x0000000082d00000, 0x0000000082d00000| Untracked 
|  18|0x0000000082e00000, 0x0000000082e00000, 0x0000000082f00000|  0%| F|  |TAMS 0x0000000082e00000, 0x0000000082e00000| Untracked 
|  19|0x0000000082f00000, 0x0000000082f00000, 0x0000000083000000|  0%| F|  |TAMS 0x0000000082f00000, 0x0000000082f00000| Untracked 
|  20|0x0000000083000000, 0x0000000083000000, 0x0000000083100000|  0%| F|  |TAMS 0x0000000083000000, 0x0000000083000000| Untracked 
|  21|0x0000000083100000, 0x0000000083100000, 0x0000000083200000|  0%| F|  |TAMS 0x0000000083100000, 0x0000000083100000| Untracked 
|  22|0x0000000083200000, 0x0000000083200000, 0x0000000083300000|  0%| F|  |TAMS 0x0000000083200000, 0x0000000083200000| Untracked 
|  23|0x0000000083300000, 0x0000000083300000, 0x0000000083400000|  0%| F|  |TAMS 0x0000000083300000, 0x0000000083300000| Untracked 
|  24|0x0000000083400000, 0x0000000083400000, 0x0000000083500000|  0%| F|  |TAMS 0x0000000083400000, 0x0000000083400000| Untracked 
|  25|0x0000000083500000, 0x0000000083500000, 0x0000000083600000|  0%| F|  |TAMS 0x0000000083500000, 0x0000000083500000| Untracked 
|  26|0x0000000083600000, 0x0000000083600000, 0x0000000083700000|  0%| F|  |TAMS 0x0000000083600000, 0x0000000083600000| Untracked 
|  27|0x0000000083700000, 0x0000000083700000, 0x0000000083800000|  0%| F|  |TAMS 0x0000000083700000, 0x0000000083700000| Untracked 
|  28|0x0000000083800000, 0x0000000083800000, 0x0000000083900000|  0%| F|  |TAMS 0x0000000083800000, 0x0000000083800000| Untracked 
|  29|0x0000000083900000, 0x0000000083900000, 0x0000000083a00000|  0%| F|  |TAMS 0x0000000083900000, 0x0000000083900000| Untracked 
|  30|0x0000000083a00000, 0x0000000083a00000, 0x0000000083b00000|  0%| F|  |TAMS 0x0000000083a00000, 0x0000000083a00000| Untracked 
|  31|0x0000000083b00000, 0x0000000083b00000, 0x0000000083c00000|  0%| F|  |TAMS 0x0000000083b00000, 0x0000000083b00000| Untracked 
|  32|0x0000000083c00000, 0x0000000083c00000, 0x0000000083d00000|  0%| F|  |TAMS 0x0000000083c00000, 0x0000000083c00000| Untracked 
|  33|0x0000000083d00000, 0x0000000083d00000, 0x0000000083e00000|  0%| F|  |TAMS 0x0000000083d00000, 0x0000000083d00000| Untracked 
|  34|0x0000000083e00000, 0x0000000083e00000, 0x0000000083f00000|  0%| F|  |TAMS 0x0000000083e00000, 0x0000000083e00000| Untracked 
|  35|0x0000000083f00000, 0x0000000083f00000, 0x0000000084000000|  0%| F|  |TAMS 0x0000000083f00000, 0x0000000083f00000| Untracked 
|  36|0x0000000084000000, 0x0000000084000000, 0x0000000084100000|  0%| F|  |TAMS 0x0000000084000000, 0x0000000084000000| Untracked 
|  37|0x0000000084100000, 0x0000000084100000, 0x0000000084200000|  0%| F|  |TAMS 0x0000000084100000, 0x0000000084100000| Untracked 
|  38|0x0000000084200000, 0x0000000084200000, 0x0000000084300000|  0%| F|  |TAMS 0x0000000084200000, 0x0000000084200000| Untracked 
|  39|0x0000000084300000, 0x0000000084300000, 0x0000000084400000|  0%| F|  |TAMS 0x0000000084300000, 0x0000000084300000| Untracked 
|  40|0x0000000084400000, 0x0000000084400000, 0x0000000084500000|  0%| F|  |TAMS 0x0000000084400000, 0x0000000084400000| Untracked 
|  41|0x0000000084500000, 0x0000000084500000, 0x0000000084600000|  0%| F|  |TAMS 0x0000000084500000, 0x0000000084500000| Untracked 
|  42|0x0000000084600000, 0x0000000084600000, 0x0000000084700000|  0%| F|  |TAMS 0x0000000084600000, 0x0000000084600000| Untracked 
|  43|0x0000000084700000, 0x0000000084700000, 0x0000000084800000|  0%| F|  |TAMS 0x0000000084700000, 0x0000000084700000| Untracked 
|  44|0x0000000084800000, 0x0000000084800000, 0x0000000084900000|  0%| F|  |TAMS 0x0000000084800000, 0x0000000084800000| Untracked 
|  45|0x0000000084900000, 0x0000000084900000, 0x0000000084a00000|  0%| F|  |TAMS 0x0000000084900000, 0x0000000084900000| Untracked 
|  46|0x0000000084a00000, 0x0000000084a00000, 0x0000000084b00000|  0%| F|  |TAMS 0x0000000084a00000, 0x0000000084a00000| Untracked 
|  47|0x0000000084b00000, 0x0000000084b00000, 0x0000000084c00000|  0%| F|  |TAMS 0x0000000084b00000, 0x0000000084b00000| Untracked 
|  48|0x0000000084c00000, 0x0000000084c00000, 0x0000000084d00000|  0%| F|  |TAMS 0x0000000084c00000, 0x0000000084c00000| Untracked 
|  49|0x0000000084d00000, 0x0000000084d00000, 0x0000000084e00000|  0%| F|  |TAMS 0x0000000084d00000, 0x0000000084d00000| Untracked 
|  50|0x0000000084e00000, 0x0000000084e00000, 0x0000000084f00000|  0%| F|  |TAMS 0x0000000084e00000, 0x0000000084e00000| Untracked 
|  51|0x0000000084f00000, 0x0000000084f00000, 0x0000000085000000|  0%| F|  |TAMS 0x0000000084f00000, 0x0000000084f00000| Untracked 
|  52|0x0000000085000000, 0x0000000085000000, 0x0000000085100000|  0%| F|  |TAMS 0x0000000085000000, 0x0000000085000000| Untracked 
|  53|0x0000000085100000, 0x0000000085100000, 0x0000000085200000|  0%| F|  |TAMS 0x0000000085100000, 0x0000000085100000| Untracked 
|  54|0x0000000085200000, 0x0000000085200000, 0x0000000085300000|  0%| F|  |TAMS 0x0000000085200000, 0x0000000085200000| Untracked 
|  55|0x0000000085300000, 0x0000000085300000, 0x0000000085400000|  0%| F|  |TAMS 0x0000000085300000, 0x0000000085300000| Untracked 
|  56|0x0000000085400000, 0x0000000085400000, 0x0000000085500000|  0%| F|  |TAMS 0x0000000085400000, 0x0000000085400000| Untracked 
|  57|0x0000000085500000, 0x0000000085500000, 0x0000000085600000|  0%| F|  |TAMS 0x0000000085500000, 0x0000000085500000| Untracked 
|  58|0x0000000085600000, 0x0000000085600000, 0x0000000085700000|  0%| F|  |TAMS 0x0000000085600000, 0x0000000085600000| Untracked 
|  59|0x0000000085700000, 0x0000000085700000, 0x0000000085800000|  0%| F|  |TAMS 0x0000000085700000, 0x0000000085700000| Untracked 
|  60|0x0000000085800000, 0x0000000085800000, 0x0000000085900000|  0%| F|  |TAMS 0x0000000085800000, 0x0000000085800000| Untracked 
|  61|0x0000000085900000, 0x0000000085900000, 0x0000000085a00000|  0%| F|  |TAMS 0x0000000085900000, 0x0000000085900000| Untracked 
|  62|0x0000000085a00000, 0x0000000085a00000, 0x0000000085b00000|  0%| F|  |TAMS 0x0000000085a00000, 0x0000000085a00000| Untracked 
|  63|0x0000000085b00000, 0x0000000085b00000, 0x0000000085c00000|  0%| F|  |TAMS 0x0000000085b00000, 0x0000000085b00000| Untracked 
|  64|0x0000000085c00000, 0x0000000085c00000, 0x0000000085d00000|  0%| F|  |TAMS 0x0000000085c00000, 0x0000000085c00000| Untracked 
|  65|0x0000000085d00000, 0x0000000085d00000, 0x0000000085e00000|  0%| F|  |TAMS 0x0000000085d00000, 0x0000000085d00000| Untracked 
|  66|0x0000000085e00000, 0x0000000085e00000, 0x0000000085f00000|  0%| F|  |TAMS 0x0000000085e00000, 0x0000000085e00000| Untracked 
|  67|0x0000000085f00000, 0x0000000085f00000, 0x0000000086000000|  0%| F|  |TAMS 0x0000000085f00000, 0x0000000085f00000| Untracked 
|  68|0x0000000086000000, 0x0000000086000000, 0x0000000086100000|  0%| F|  |TAMS 0x0000000086000000, 0x0000000086000000| Untracked 
|  69|0x0000000086100000, 0x0000000086100000, 0x0000000086200000|  0%| F|  |TAMS 0x0000000086100000, 0x0000000086100000| Untracked 
|  70|0x0000000086200000, 0x0000000086200000, 0x0000000086300000|  0%| F|  |TAMS 0x0000000086200000, 0x0000000086200000| Untracked 
|  71|0x0000000086300000, 0x0000000086300000, 0x0000000086400000|  0%| F|  |TAMS 0x0000000086300000, 0x0000000086300000| Untracked 
|  72|0x0000000086400000, 0x0000000086400000, 0x0000000086500000|  0%| F|  |TAMS 0x0000000086400000, 0x0000000086400000| Untracked 
|  73|0x0000000086500000, 0x0000000086500000, 0x0000000086600000|  0%| F|  |TAMS 0x0000000086500000, 0x0000000086500000| Untracked 
|  74|0x0000000086600000, 0x0000000086600000, 0x0000000086700000|  0%| F|  |TAMS 0x0000000086600000, 0x0000000086600000| Untracked 
|  75|0x0000000086700000, 0x0000000086700000, 0x0000000086800000|  0%| F|  |TAMS 0x0000000086700000, 0x0000000086700000| Untracked 
|  76|0x0000000086800000, 0x0000000086800000, 0x0000000086900000|  0%| F|  |TAMS 0x0000000086800000, 0x0000000086800000| Untracked 
|  77|0x0000000086900000, 0x0000000086900000, 0x0000000086a00000|  0%| F|  |TAMS 0x0000000086900000, 0x0000000086900000| Untracked 
|  78|0x0000000086a00000, 0x0000000086a00000, 0x0000000086b00000|  0%| F|  |TAMS 0x0000000086a00000, 0x0000000086a00000| Untracked 
|  79|0x0000000086b00000, 0x0000000086b00000, 0x0000000086c00000|  0%| F|  |TAMS 0x0000000086b00000, 0x0000000086b00000| Untracked 
|  80|0x0000000086c00000, 0x0000000086c00000, 0x0000000086d00000|  0%| F|  |TAMS 0x0000000086c00000, 0x0000000086c00000| Untracked 
|  81|0x0000000086d00000, 0x0000000086d00000, 0x0000000086e00000|  0%| F|  |TAMS 0x0000000086d00000, 0x0000000086d00000| Untracked 
|  82|0x0000000086e00000, 0x0000000086e00000, 0x0000000086f00000|  0%| F|  |TAMS 0x0000000086e00000, 0x0000000086e00000| Untracked 
|  83|0x0000000086f00000, 0x0000000086f00000, 0x0000000087000000|  0%| F|  |TAMS 0x0000000086f00000, 0x0000000086f00000| Untracked 
|  84|0x0000000087000000, 0x0000000087000000, 0x0000000087100000|  0%| F|  |TAMS 0x0000000087000000, 0x0000000087000000| Untracked 
|  85|0x0000000087100000, 0x0000000087100000, 0x0000000087200000|  0%| F|  |TAMS 0x0000000087100000, 0x0000000087100000| Untracked 
|  86|0x0000000087200000, 0x0000000087200000, 0x0000000087300000|  0%| F|  |TAMS 0x0000000087200000, 0x0000000087200000| Untracked 
|  87|0x0000000087300000, 0x0000000087300000, 0x0000000087400000|  0%| F|  |TAMS 0x0000000087300000, 0x0000000087300000| Untracked 
|  88|0x0000000087400000, 0x0000000087400000, 0x0000000087500000|  0%| F|  |TAMS 0x0000000087400000, 0x0000000087400000| Untracked 
|  89|0x0000000087500000, 0x0000000087500000, 0x0000000087600000|  0%| F|  |TAMS 0x0000000087500000, 0x0000000087500000| Untracked 
|  90|0x0000000087600000, 0x0000000087600000, 0x0000000087700000|  0%| F|  |TAMS 0x0000000087600000, 0x0000000087600000| Untracked 
|  91|0x0000000087700000, 0x0000000087700000, 0x0000000087800000|  0%| F|  |TAMS 0x0000000087700000, 0x0000000087700000| Untracked 
|  92|0x0000000087800000, 0x0000000087800000, 0x0000000087900000|  0%| F|  |TAMS 0x0000000087800000, 0x0000000087800000| Untracked 
|  93|0x0000000087900000, 0x0000000087900000, 0x0000000087a00000|  0%| F|  |TAMS 0x0000000087900000, 0x0000000087900000| Untracked 
|  94|0x0000000087a00000, 0x0000000087a00000, 0x0000000087b00000|  0%| F|  |TAMS 0x0000000087a00000, 0x0000000087a00000| Untracked 
|  95|0x0000000087b00000, 0x0000000087b00000, 0x0000000087c00000|  0%| F|  |TAMS 0x0000000087b00000, 0x0000000087b00000| Untracked 
|  96|0x0000000087c00000, 0x0000000087c00000, 0x0000000087d00000|  0%| F|  |TAMS 0x0000000087c00000, 0x0000000087c00000| Untracked 
|  97|0x0000000087d00000, 0x0000000087d00000, 0x0000000087e00000|  0%| F|  |TAMS 0x0000000087d00000, 0x0000000087d00000| Untracked 
|  98|0x0000000087e00000, 0x0000000087e00000, 0x0000000087f00000|  0%| F|  |TAMS 0x0000000087e00000, 0x0000000087e00000| Untracked 
|  99|0x0000000087f00000, 0x0000000087f00000, 0x0000000088000000|  0%| F|  |TAMS 0x0000000087f00000, 0x0000000087f00000| Untracked 
| 100|0x0000000088000000, 0x0000000088000000, 0x0000000088100000|  0%| F|  |TAMS 0x0000000088000000, 0x0000000088000000| Untracked 
| 101|0x0000000088100000, 0x0000000088100000, 0x0000000088200000|  0%| F|  |TAMS 0x0000000088100000, 0x0000000088100000| Untracked 
| 102|0x0000000088200000, 0x0000000088200000, 0x0000000088300000|  0%| F|  |TAMS 0x0000000088200000, 0x0000000088200000| Untracked 
| 103|0x0000000088300000, 0x0000000088300000, 0x0000000088400000|  0%| F|  |TAMS 0x0000000088300000, 0x0000000088300000| Untracked 
| 104|0x0000000088400000, 0x0000000088400000, 0x0000000088500000|  0%| F|  |TAMS 0x0000000088400000, 0x0000000088400000| Untracked 
| 105|0x0000000088500000, 0x0000000088500000, 0x0000000088600000|  0%| F|  |TAMS 0x0000000088500000, 0x0000000088500000| Untracked 
| 106|0x0000000088600000, 0x0000000088676440, 0x0000000088700000| 46%| E|  |TAMS 0x0000000088600000, 0x0000000088600000| Complete 
| 107|0x0000000088700000, 0x0000000088800000, 0x0000000088800000|100%| E|CS|TAMS 0x0000000088700000, 0x0000000088700000| Complete 
| 108|0x0000000088800000, 0x0000000088900000, 0x0000000088900000|100%| E|CS|TAMS 0x0000000088800000, 0x0000000088800000| Complete 
| 109|0x0000000088900000, 0x0000000088a00000, 0x0000000088a00000|100%| E|CS|TAMS 0x0000000088900000, 0x0000000088900000| Complete 
| 110|0x0000000088a00000, 0x0000000088b00000, 0x0000000088b00000|100%| E|CS|TAMS 0x0000000088a00000, 0x0000000088a00000| Complete 
| 111|0x0000000088b00000, 0x0000000088c00000, 0x0000000088c00000|100%| E|CS|TAMS 0x0000000088b00000, 0x0000000088b00000| Complete 
| 112|0x0000000088c00000, 0x0000000088d00000, 0x0000000088d00000|100%| E|CS|TAMS 0x0000000088c00000, 0x0000000088c00000| Complete 
| 113|0x0000000088d00000, 0x0000000088e00000, 0x0000000088e00000|100%| E|CS|TAMS 0x0000000088d00000, 0x0000000088d00000| Complete 
| 114|0x0000000088e00000, 0x0000000088f00000, 0x0000000088f00000|100%| E|CS|TAMS 0x0000000088e00000, 0x0000000088e00000| Complete 
| 115|0x0000000088f00000, 0x0000000089000000, 0x0000000089000000|100%| E|CS|TAMS 0x0000000088f00000, 0x0000000088f00000| Complete 
| 116|0x0000000089000000, 0x0000000089100000, 0x0000000089100000|100%| E|CS|TAMS 0x0000000089000000, 0x0000000089000000| Complete 
| 117|0x0000000089100000, 0x0000000089200000, 0x0000000089200000|100%| E|CS|TAMS 0x0000000089100000, 0x0000000089100000| Complete 
| 118|0x0000000089200000, 0x0000000089300000, 0x0000000089300000|100%| E|CS|TAMS 0x0000000089200000, 0x0000000089200000| Complete 
| 119|0x0000000089300000, 0x0000000089400000, 0x0000000089400000|100%| E|CS|TAMS 0x0000000089300000, 0x0000000089300000| Complete 
| 120|0x0000000089400000, 0x0000000089500000, 0x0000000089500000|100%| E|CS|TAMS 0x0000000089400000, 0x0000000089400000| Complete 
| 121|0x0000000089500000, 0x0000000089600000, 0x0000000089600000|100%| E|CS|TAMS 0x0000000089500000, 0x0000000089500000| Complete 
| 122|0x0000000089600000, 0x0000000089700000, 0x0000000089700000|100%| E|CS|TAMS 0x0000000089600000, 0x0000000089600000| Complete 
| 123|0x0000000089700000, 0x0000000089800000, 0x0000000089800000|100%| E|CS|TAMS 0x0000000089700000, 0x0000000089700000| Complete 
| 124|0x0000000089800000, 0x0000000089900000, 0x0000000089900000|100%| E|CS|TAMS 0x0000000089800000, 0x0000000089800000| Complete 
| 125|0x0000000089900000, 0x0000000089a00000, 0x0000000089a00000|100%| E|  |TAMS 0x0000000089900000, 0x0000000089900000| Complete 
| 126|0x0000000089a00000, 0x0000000089b00000, 0x0000000089b00000|100%| E|CS|TAMS 0x0000000089a00000, 0x0000000089a00000| Complete 
| 127|0x0000000089b00000, 0x0000000089c00000, 0x0000000089c00000|100%| E|CS|TAMS 0x0000000089b00000, 0x0000000089b00000| Complete 

Card table byte_map: [0x000001e3b4470000,0x000001e3b4870000] _byte_map_base: 0x000001e3b4062000

Marking Bits (Prev, Next): (CMBitMap*) 0x000001e39d520e90, (CMBitMap*) 0x000001e39d520ed0
 Prev Bits: [0x000001e3b4c70000, 0x000001e3b6c00000)
 Next Bits: [0x000001e3b6c00000, 0x000001e3b8b90000)

Polling page: 0x000001e39b420000

Metaspace:

Usage:
  Non-class:      4.38 MB used.
      Class:    609.82 KB used.
       Both:      4.97 MB used.

Virtual space:
  Non-class space:        8.00 MB reserved,       4.44 MB ( 55%) committed,  1 nodes.
      Class space:        1.00 GB reserved,     640.00 KB ( <1%) committed,  1 nodes.
             Both:        1.01 GB reserved,       5.06 MB ( <1%) committed. 

Chunk freelists:
   Non-Class:  1.31 MB
       Class:  3.31 MB
        Both:  4.62 MB

MaxMetaspaceSize: unlimited
CompressedClassSpaceSize: 1.00 GB
Initial GC threshold: 21.00 MB
Current GC threshold: 21.00 MB
CDS: on
MetaspaceReclaimPolicy: balanced
 - commit_granule_bytes: 65536.
 - commit_granule_words: 8192.
 - virtual_space_node_default_size: 1048576.
 - enlarge_chunks_in_place: 1.
 - new_chunks_are_fully_committed: 0.
 - uncommit_free_chunks: 1.
 - use_allocation_guard: 0.
 - handle_deallocations: 1.


Internal statistics:

num_allocs_failed_limit: 0.
num_arena_births: 32.
num_arena_deaths: 0.
num_vsnodes_births: 2.
num_vsnodes_deaths: 0.
num_space_committed: 81.
num_space_uncommitted: 0.
num_chunks_returned_to_freelist: 0.
num_chunks_taken_from_freelist: 185.
num_chunk_merges: 0.
num_chunk_splits: 118.
num_chunks_enlarged: 100.
num_purges: 0.
num_inconsistent_stats: 0.

CodeHeap 'non-profiled nmethods': size=120000Kb used=301Kb max_used=301Kb free=119698Kb
 bounds [0x000001e3ac800000, 0x000001e3aca70000, 0x000001e3b3d30000]
CodeHeap 'profiled nmethods': size=120000Kb used=2005Kb max_used=2005Kb free=117994Kb
 bounds [0x000001e3a52d0000, 0x000001e3a5540000, 0x000001e3ac800000]
CodeHeap 'non-nmethods': size=5760Kb used=1140Kb max_used=1169Kb free=4619Kb
 bounds [0x000001e3a4d30000, 0x000001e3a4fa0000, 0x000001e3a52d0000]
 total_blobs=1407 nmethods=979 adapters=341
 compilation: enabled
              stopped_count=0, restarted_count=0
 full_count=0

Compilation events (20 events):
Event: 0.899 Thread 0x000001e3bb58ca50 nmethod 969 0x000001e3a54b9f10 code [0x000001e3a54ba0a0, 0x000001e3a54ba218]
Event: 0.899 Thread 0x000001e3bb58ca50  970       3       org.codehaus.plexus.util.xml.pull.MXParser::nextTag (82 bytes)
Event: 0.899 Thread 0x000001e3bca5b8a0  964       4       org.codehaus.plexus.util.xml.pull.MXParser::more (106 bytes)
Event: 0.900 Thread 0x000001e3bb58ca50 nmethod 970 0x000001e3a54ba290 code [0x000001e3a54ba520, 0x000001e3a54baf08]
Event: 0.900 Thread 0x000001e3bb58ca50  971       3       java.lang.StringLatin1::trim (76 bytes)
Event: 0.900 Thread 0x000001e3bb58ca50 nmethod 971 0x000001e3a54bb290 code [0x000001e3a54bb460, 0x000001e3a54bb848]
Event: 0.900 Thread 0x000001e3bb58ca50  972       3       org.codehaus.plexus.util.xml.pull.MXParser::newString (11 bytes)
Event: 0.901 Thread 0x000001e3bb58ca50 nmethod 972 0x000001e3a54bb990 code [0x000001e3a54bbb40, 0x000001e3a54bbce8]
Event: 0.901 Thread 0x000001e3bb58ca50  973       3       org.codehaus.plexus.util.xml.pull.MXParser::ensureElementsCapacity (265 bytes)
Event: 0.901 Thread 0x000001e3bca5b8a0 nmethod 964 0x000001e3ac84a610 code [0x000001e3ac84a7a0, 0x000001e3ac84a8e8]
Event: 0.901 Thread 0x000001e3bca5b8a0  966       4       java.nio.CharBuffer::position (6 bytes)
Event: 0.902 Thread 0x000001e3bb58ca50 nmethod 973 0x000001e3a54bbe10 code [0x000001e3a54bc080, 0x000001e3a54bd168]
Event: 0.902 Thread 0x000001e3bca5b8a0 nmethod 966 0x000001e3ac84aa10 code [0x000001e3ac84ab80, 0x000001e3ac84ac58]
Event: 0.902 Thread 0x000001e3bca5b8a0  956       4       org.codehaus.plexus.util.xml.XmlReader::read (11 bytes)
Event: 0.905 Thread 0x000001e3bb58ca50  975       3       org.codehaus.plexus.util.xml.pull.MXParser::getName (84 bytes)
Event: 0.905 Thread 0x000001e3bb58ca50 nmethod 975 0x000001e3a54bd490 code [0x000001e3a54bd660, 0x000001e3a54bda08]
Event: 0.914 Thread 0x000001e3bb58ca50  984       3       org.eclipse.sisu.plexus.PlexusXmlScanner::TEXT (10 bytes)
Event: 0.914 Thread 0x000001e3bb58ca50 nmethod 984 0x000001e3a54bdb90 code [0x000001e3a54bdd80, 0x000001e3a54be128]
Event: 0.914 Thread 0x000001e3bb58ca50  985       3       org.codehaus.plexus.util.xml.pull.MXParser::nextText (103 bytes)
Event: 0.915 Thread 0x000001e3bb58ca50 nmethod 985 0x000001e3a54be310 code [0x000001e3a54be5e0, 0x000001e3a54bf208]

GC Heap History (0 events):
No events

Deoptimization events (20 events):
Event: 0.426 Thread 0x000001e39d4e24c0 Uncommon trap: trap_request=0xffffff45 fr.pc=0x000001e3ac8066e8 relative=0x0000000000000448
Event: 0.426 Thread 0x000001e39d4e24c0 Uncommon trap: reason=unstable_if action=reinterpret pc=0x000001e3ac8066e8 method=java.lang.StringLatin1.canEncode(I)Z @ 4 c2
Event: 0.426 Thread 0x000001e39d4e24c0 DEOPT PACKING pc=0x000001e3ac8066e8 sp=0x000000df1befdb20
Event: 0.426 Thread 0x000001e39d4e24c0 DEOPT UNPACKING pc=0x000001e3a4d823a3 sp=0x000000df1befda48 mode 2
Event: 0.426 Thread 0x000001e39d4e24c0 Uncommon trap: trap_request=0xffffff45 fr.pc=0x000001e3ac81d3dc relative=0x000000000000005c
Event: 0.426 Thread 0x000001e39d4e24c0 Uncommon trap: reason=unstable_if action=reinterpret pc=0x000001e3ac81d3dc method=java.lang.AbstractStringBuilder.isLatin1()Z @ 10 c2
Event: 0.426 Thread 0x000001e39d4e24c0 DEOPT PACKING pc=0x000001e3ac81d3dc sp=0x000000df1befdaf0
Event: 0.426 Thread 0x000001e39d4e24c0 DEOPT UNPACKING pc=0x000001e3a4d823a3 sp=0x000000df1befda80 mode 2
Event: 0.438 Thread 0x000001e39d4e24c0 DEOPT PACKING pc=0x000001e3a5328765 sp=0x000000df1befb760
Event: 0.438 Thread 0x000001e39d4e24c0 DEOPT UNPACKING pc=0x000001e3a4d82b43 sp=0x000000df1befabb0 mode 0
Event: 0.449 Thread 0x000001e39d4e24c0 DEOPT PACKING pc=0x000001e3a5328765 sp=0x000000df1bef9290
Event: 0.449 Thread 0x000001e39d4e24c0 DEOPT UNPACKING pc=0x000001e3a4d82b43 sp=0x000000df1bef86e0 mode 0
Event: 0.598 Thread 0x000001e39d4e24c0 DEOPT PACKING pc=0x000001e3a52f0f3e sp=0x000000df1bef9c20
Event: 0.598 Thread 0x000001e39d4e24c0 DEOPT UNPACKING pc=0x000001e3a4d82b43 sp=0x000000df1bef9098 mode 0
Event: 0.708 Thread 0x000001e39d4e24c0 DEOPT PACKING pc=0x000001e3a539d827 sp=0x000000df1bef8d90
Event: 0.708 Thread 0x000001e39d4e24c0 DEOPT UNPACKING pc=0x000001e3a4d82b43 sp=0x000000df1bef81f0 mode 0
Event: 0.853 Thread 0x000001e39d4e24c0 Uncommon trap: trap_request=0xffffff45 fr.pc=0x000001e3ac81d734 relative=0x00000000000000b4
Event: 0.853 Thread 0x000001e39d4e24c0 Uncommon trap: reason=unstable_if action=reinterpret pc=0x000001e3ac81d734 method=org.codehaus.plexus.util.xml.pull.MXParser.more()C @ 8 c2
Event: 0.853 Thread 0x000001e39d4e24c0 DEOPT PACKING pc=0x000001e3ac81d734 sp=0x000000df1befdaf0
Event: 0.853 Thread 0x000001e39d4e24c0 DEOPT UNPACKING pc=0x000001e3a4d823a3 sp=0x000000df1befda80 mode 2

Classes unloaded (0 events):
No events

Classes redefined (0 events):
No events

Internal exceptions (18 events):
Event: 0.235 Thread 0x000001e39d4e24c0 Exception <a 'java/lang/NullPointerException'{0x00000000898e0018}> (0x00000000898e0018) 
thrown [t:\workspace\open\src\hotspot\share\interpreter\linkResolver.cpp, line 1357]
Event: 0.246 Thread 0x000001e39d4e24c0 Exception <a 'java/lang/NullPointerException'{0x000000008970f940}> (0x000000008970f940) 
thrown [t:\workspace\open\src\hotspot\share\interpreter\linkResolver.cpp, line 1357]
Event: 0.246 Thread 0x000001e39d4e24c0 Exception <a 'java/lang/NullPointerException'{0x000000008970fc18}> (0x000000008970fc18) 
thrown [t:\workspace\open\src\hotspot\share\interpreter\linkResolver.cpp, line 1357]
Event: 0.246 Thread 0x000001e39d4e24c0 Exception <a 'java/lang/NullPointerException'{0x000000008970fef0}> (0x000000008970fef0) 
thrown [t:\workspace\open\src\hotspot\share\interpreter\linkResolver.cpp, line 1357]
Event: 0.247 Thread 0x000001e39d4e24c0 Exception <a 'java/lang/NullPointerException'{0x0000000089715870}> (0x0000000089715870) 
thrown [t:\workspace\open\src\hotspot\share\interpreter\linkResolver.cpp, line 1357]
Event: 0.249 Thread 0x000001e39d4e24c0 Exception <a 'java/lang/NullPointerException'{0x000000008972ac28}> (0x000000008972ac28) 
thrown [t:\workspace\open\src\hotspot\share\interpreter\linkResolver.cpp, line 1357]
Event: 0.249 Thread 0x000001e39d4e24c0 Exception <a 'java/lang/NullPointerException'{0x000000008972af00}> (0x000000008972af00) 
thrown [t:\workspace\open\src\hotspot\share\interpreter\linkResolver.cpp, line 1357]
Event: 0.249 Thread 0x000001e39d4e24c0 Exception <a 'java/lang/NullPointerException'{0x000000008972b1d8}> (0x000000008972b1d8) 
thrown [t:\workspace\open\src\hotspot\share\interpreter\linkResolver.cpp, line 1357]
Event: 0.249 Thread 0x000001e39d4e24c0 Exception <a 'java/lang/NullPointerException'{0x000000008972b4b0}> (0x000000008972b4b0) 
thrown [t:\workspace\open\src\hotspot\share\interpreter\linkResolver.cpp, line 1357]
Event: 0.357 Thread 0x000001e39d4e24c0 Exception <a 'java/lang/NoSuchMethodError'{0x0000000089560838}: 'java.lang.Object java.lang.invoke.DirectMethodHandle$Holder.invokeSpecialIFC(java.lang.Object, java.lang.Object, java.lang.Object, java.lang.Object)'> (0x0000000089560838) 
thrown [t:\workspace\open\src\hotspot\share\interpreter\linkResolver.cpp, line 766]
Event: 0.587 Thread 0x000001e39d4e24c0 Exception <a 'java/lang/NoSuchMethodError'{0x0000000088f047f0}: 'void java.lang.invoke.DirectMethodHandle$Holder.invokeSpecial(java.lang.Object, java.lang.Object, java.lang.Object)'> (0x0000000088f047f0) 
thrown [t:\workspace\open\src\hotspot\share\interpreter\linkResolver.cpp, line 766]
Event: 0.637 Thread 0x000001e39d4e24c0 Exception <a 'java/lang/NoSuchMethodError'{0x0000000088e3c108}: 'java.lang.Object java.lang.invoke.DirectMethodHandle$Holder.invokeInterface(java.lang.Object, java.lang.Object)'> (0x0000000088e3c108) 
thrown [t:\workspace\open\src\hotspot\share\interpreter\linkResolver.cpp, line 766]
Event: 0.639 Thread 0x000001e39d4e24c0 Exception <a 'java/lang/NoSuchMethodError'{0x0000000088e45458}: 'int java.lang.invoke.DirectMethodHandle$Holder.invokeSpecial(java.lang.Object, java.lang.Object, java.lang.Object)'> (0x0000000088e45458) 
thrown [t:\workspace\open\src\hotspot\share\interpreter\linkResolver.cpp, line 766]
Event: 0.665 Thread 0x000001e39d4e24c0 Exception <a 'java/lang/NoSuchMethodError'{0x0000000088edb210}: 'java.lang.Object java.lang.invoke.Invokers$Holder.invokeExact_MT(java.lang.Object, java.lang.Object, java.lang.Object, java.lang.Object, java.lang.Object, java.lang.Object)'> (0x0000000088edb210) 
thrown [t:\workspace\open\src\hotspot\share\interpreter\linkResolver.cpp, line 766]
Event: 0.670 Thread 0x000001e39d4e24c0 Exception <a 'java/lang/NoSuchMethodError'{0x0000000088ef0400}: 'int java.lang.invoke.DirectMethodHandle$Holder.invokeSpecialIFC(java.lang.Object, java.lang.Object, java.lang.Object, java.lang.Object, java.lang.Object)'> (0x0000000088ef0400) 
thrown [t:\workspace\open\src\hotspot\share\interpreter\linkResolver.cpp, line 766]
Event: 0.771 Thread 0x000001e39d4e24c0 Exception <a 'java/lang/NoSuchMethodError'{0x0000000088c8c618}: 'java.lang.Object java.lang.invoke.DirectMethodHandle$Holder.newInvokeSpecial(java.lang.Object, java.lang.Object, java.lang.Object, java.lang.Object, java.lang.Object)'> (0x0000000088c8c618) 
thrown [t:\workspace\open\src\hotspot\share\interpreter\linkResolver.cpp, line 766]
Event: 0.827 Thread 0x000001e39d4e24c0 Exception <a 'java/lang/NoSuchMethodError'{0x0000000088b8f7b0}: 'int java.lang.invoke.DirectMethodHandle$Holder.invokeStaticInit(java.lang.Object, java.lang.Object)'> (0x0000000088b8f7b0) 
thrown [t:\workspace\open\src\hotspot\share\interpreter\linkResolver.cpp, line 766]
Event: 0.844 Thread 0x000001e39d4e24c0 Exception <a 'java/lang/NoClassDefFoundError'{0x0000000088bc9af8}: javax/enterprise/inject/Typed> (0x0000000088bc9af8) 
thrown [t:\workspace\open\src\hotspot\share\classfile\systemDictionary.cpp, line 245]

VM Operations (14 events):
Event: 0.115 Executing VM operation: HandshakeAllThreads
Event: 0.115 Executing VM operation: HandshakeAllThreads done
Event: 0.234 Executing VM operation: HandshakeAllThreads
Event: 0.234 Executing VM operation: HandshakeAllThreads done
Event: 0.241 Executing VM operation: HandshakeAllThreads
Event: 0.241 Executing VM operation: HandshakeAllThreads done
Event: 0.373 Executing VM operation: HandshakeAllThreads
Event: 0.373 Executing VM operation: HandshakeAllThreads done
Event: 0.833 Executing VM operation: ICBufferFull
Event: 0.834 Executing VM operation: ICBufferFull done
Event: 0.839 Executing VM operation: ICBufferFull
Event: 0.839 Executing VM operation: ICBufferFull done
Event: 0.841 Executing VM operation: ICBufferFull
Event: 0.841 Executing VM operation: ICBufferFull done

Events (20 events):
Event: 0.797 loading class sun/misc/Unsafe done
Event: 0.798 loading class jdk/internal/reflect/UnsafeFieldAccessorFactory
Event: 0.798 loading class jdk/internal/reflect/UnsafeFieldAccessorFactory done
Event: 0.798 loading class jdk/internal/reflect/UnsafeQualifiedStaticObjectFieldAccessorImpl
Event: 0.798 loading class jdk/internal/reflect/UnsafeQualifiedStaticFieldAccessorImpl
Event: 0.798 loading class jdk/internal/reflect/UnsafeQualifiedStaticFieldAccessorImpl done
Event: 0.798 loading class jdk/internal/reflect/UnsafeQualifiedStaticObjectFieldAccessorImpl done
Event: 0.806 loading class java/lang/reflect/ParameterizedType
Event: 0.806 loading class java/lang/reflect/ParameterizedType done
Event: 0.810 loading class java/lang/reflect/TypeVariable
Event: 0.810 loading class java/lang/reflect/TypeVariable done
Event: 0.810 loading class java/lang/reflect/WildcardType
Event: 0.810 loading class java/lang/reflect/WildcardType done
Event: 0.816 loading class sun/reflect/generics/tree/TypeVariableSignature
Event: 0.816 loading class sun/reflect/generics/tree/TypeVariableSignature done
Event: 0.843 loading class java/lang/annotation/IncompleteAnnotationException
Event: 0.843 loading class java/lang/annotation/IncompleteAnnotationException done
Event: 0.899 Thread 0x000001e3bca5b8a0 Thread added: 0x000001e3bca5b8a0
Event: 0.906 loading class jdk/internal/access/foreign/MemorySegmentProxy
Event: 0.906 loading class jdk/internal/access/foreign/MemorySegmentProxy done


Dynamic libraries:
0x00007ff6f1e90000 - 0x00007ff6f1e9e000 	C:\Users\xtron\Desktop\java\jdk-17.0.2\bin\java.exe
0x00007fff91150000 - 0x00007fff91348000 	C:\WINDOWS\SYSTEM32\ntdll.dll
0x00007fff90d30000 - 0x00007fff90ded000 	C:\WINDOWS\System32\KERNEL32.DLL
0x00007fff8ecd0000 - 0x00007fff8efc6000 	C:\WINDOWS\System32\KERNELBASE.dll
0x00007fff8f0b0000 - 0x00007fff8f1b0000 	C:\WINDOWS\System32\ucrtbase.dll
0x00007fff8a020000 - 0x00007fff8a03a000 	C:\Users\xtron\Desktop\java\jdk-17.0.2\bin\VCRUNTIME140.dll
0x00007fff86580000 - 0x00007fff86598000 	C:\Users\xtron\Desktop\java\jdk-17.0.2\bin\jli.dll
0x00007fff77620000 - 0x00007fff778ba000 	C:\WINDOWS\WinSxS\amd64_microsoft.windows.common-controls_6595b64144ccf1df_6.0.19041.3636_none_60b6a03d71f818d5\COMCTL32.dll
0x00007fff90ae0000 - 0x00007fff90c7e000 	C:\WINDOWS\System32\USER32.dll
0x00007fff90880000 - 0x00007fff9091e000 	C:\WINDOWS\System32\msvcrt.dll
0x00007fff8eb40000 - 0x00007fff8eb62000 	C:\WINDOWS\System32\win32u.dll
0x00007fff90980000 - 0x00007fff909ac000 	C:\WINDOWS\System32\GDI32.dll
0x00007fff8ea20000 - 0x00007fff8eb3a000 	C:\WINDOWS\System32\gdi32full.dll
0x00007fff8e8c0000 - 0x00007fff8e95d000 	C:\WINDOWS\System32\msvcp_win.dll
0x00007fff90720000 - 0x00007fff90750000 	C:\WINDOWS\System32\IMM32.DLL
0x00007fff8a010000 - 0x00007fff8a01c000 	C:\Users\xtron\Desktop\java\jdk-17.0.2\bin\vcruntime140_1.dll
0x00007fff78430000 - 0x00007fff784bd000 	C:\Users\xtron\Desktop\java\jdk-17.0.2\bin\msvcp140.dll
0x00007ffef98f0000 - 0x00007ffefa4b1000 	C:\Users\xtron\Desktop\java\jdk-17.0.2\bin\server\jvm.dll
0x00007fff8f310000 - 0x00007fff8f3bf000 	C:\WINDOWS\System32\ADVAPI32.dll
0x00007fff90ec0000 - 0x00007fff90f5c000 	C:\WINDOWS\System32\sechost.dll
0x00007fff90750000 - 0x00007fff90876000 	C:\WINDOWS\System32\RPCRT4.dll
0x00007fff90710000 - 0x00007fff90718000 	C:\WINDOWS\System32\PSAPI.DLL
0x00007fff6bcc0000 - 0x00007fff6bcc9000 	C:\WINDOWS\SYSTEM32\WSOCK32.dll
0x00007fff90e50000 - 0x00007fff90ebb000 	C:\WINDOWS\System32\WS2_32.dll
0x00007fff7be90000 - 0x00007fff7beb7000 	C:\WINDOWS\SYSTEM32\WINMM.dll
0x00007fff84690000 - 0x00007fff8469a000 	C:\WINDOWS\SYSTEM32\VERSION.dll
0x00007fff8c6b0000 - 0x00007fff8c6c2000 	C:\WINDOWS\SYSTEM32\kernel.appcore.dll
0x00007fff89280000 - 0x00007fff8928a000 	C:\Users\xtron\Desktop\java\jdk-17.0.2\bin\jimage.dll
0x00007fff7a3c0000 - 0x00007fff7a5a4000 	C:\WINDOWS\SYSTEM32\DBGHELP.DLL
0x00007fff757d0000 - 0x00007fff75804000 	C:\WINDOWS\SYSTEM32\dbgcore.DLL
0x00007fff8e830000 - 0x00007fff8e8b2000 	C:\WINDOWS\System32\bcryptPrimitives.dll
0x00007fff84750000 - 0x00007fff84775000 	C:\Users\xtron\Desktop\java\jdk-17.0.2\bin\java.dll
0x00007fff6ce10000 - 0x00007fff6cee6000 	C:\Users\xtron\Desktop\java\jdk-17.0.2\bin\jsvml.dll
0x00007fff8ffc0000 - 0x00007fff90704000 	C:\WINDOWS\System32\SHELL32.dll
0x00007fff8c8b0000 - 0x00007fff8d04b000 	C:\WINDOWS\SYSTEM32\windows.storage.dll
0x00007fff8f4e0000 - 0x00007fff8f834000 	C:\WINDOWS\System32\combase.dll
0x00007fff8e270000 - 0x00007fff8e29d000 	C:\WINDOWS\SYSTEM32\Wldp.dll
0x00007fff8fda0000 - 0x00007fff8fe4d000 	C:\WINDOWS\System32\SHCORE.dll
0x00007fff8fcc0000 - 0x00007fff8fd15000 	C:\WINDOWS\System32\shlwapi.dll
0x00007fff8e760000 - 0x00007fff8e785000 	C:\WINDOWS\SYSTEM32\profapi.dll
0x00007fff87e70000 - 0x00007fff87e89000 	C:\Users\xtron\Desktop\java\jdk-17.0.2\bin\net.dll
0x00007fff84410000 - 0x00007fff8451a000 	C:\WINDOWS\SYSTEM32\WINHTTP.dll
0x00007fff8df70000 - 0x00007fff8dfda000 	C:\WINDOWS\system32\mswsock.dll
0x00007fff865a0000 - 0x00007fff865b6000 	C:\Users\xtron\Desktop\java\jdk-17.0.2\bin\nio.dll
0x00007fff851c0000 - 0x00007fff851d8000 	C:\Users\xtron\Desktop\java\jdk-17.0.2\bin\zip.dll
0x0000000069ac0000 - 0x0000000069ae4000 	C:\Program Files\NetBeans-18\netbeans\java\maven\lib\jansi-native\Windows\x86_64\jansi.dll
0x00007fff89270000 - 0x00007fff89280000 	C:\Users\xtron\Desktop\java\jdk-17.0.2\bin\verify.dll

dbghelp: loaded successfully - version: 4.0.5 - missing functions: none
symbol engine: initialized successfully - sym options: 0x614 - pdb path: .;C:\Users\xtron\Desktop\java\jdk-17.0.2\bin;C:\WINDOWS\SYSTEM32;C:\WINDOWS\WinSxS\amd64_microsoft.windows.common-controls_6595b64144ccf1df_6.0.19041.3636_none_60b6a03d71f818d5;C:\Users\xtron\Desktop\java\jdk-17.0.2\bin\server;C:\Program Files\NetBeans-18\netbeans\java\maven\lib\jansi-native\Windows\x86_64

VM Arguments:
jvm_args: -Dclassworlds.conf=C:\Program Files\NetBeans-18\netbeans\java\maven\bin\m2.conf -Dmaven.home=C:\Program Files\NetBeans-18\netbeans\java\maven -Dlibrary.jansi.path=C:\Program Files\NetBeans-18\netbeans\java\maven\lib\jansi-native -Dmaven.multiModuleProjectDirectory=C:\Users\xtron\Desktop\TCD-POO\TCD-POO 
java_command: org.codehaus.plexus.classworlds.launcher.Launcher -Dexec.vmArgs= -Dexec.args=${exec.vmArgs} -classpath %classpath ${exec.mainClass} ${exec.appArgs} -Dexec.appArgs= -Dexec.mainClass=gui.TelaAutenticacao -Dexec.executable=C:\Users\xtron\Desktop\java\jdk-17.0.2\bin\java.exe -Dmaven.ext.class.path=C:\Program Files\NetBeans-18\netbeans\java\maven-nblib\netbeans-eventspy.jar -Dfile.encoding=UTF-8 --no-transfer-progress process-classes org.codehaus.mojo:exec-maven-plugin:3.1.0:exec
java_class_path (initial): C:\Program Files\NetBeans-18\netbeans\java\maven\boot\plexus-classworlds-2.6.0.jar
Launcher Type: SUN_STANDARD

[Global flags]
     intx CICompilerCount                          = 4                                         {product} {ergonomic}
     uint ConcGCThreads                            = 2                                         {product} {ergonomic}
     uint G1ConcRefinementThreads                  = 8                                         {product} {ergonomic}
   size_t G1HeapRegionSize                         = 1048576                                   {product} {ergonomic}
    uintx GCDrainStackTargetSize                   = 64                                        {product} {ergonomic}
   size_t InitialHeapSize                          = 134217728                                 {product} {ergonomic}
   size_t MarkStackSize                            = 4194304                                   {product} {ergonomic}
   size_t MaxHeapSize                              = 2118123520                                {product} {ergonomic}
   size_t MaxNewSize                               = 1270874112                                {product} {ergonomic}
   size_t MinHeapDeltaBytes                        = 1048576                                   {product} {ergonomic}
   size_t MinHeapSize                              = 8388608                                   {product} {ergonomic}
    uintx NonNMethodCodeHeapSize                   = 5839372                                {pd product} {ergonomic}
    uintx NonProfiledCodeHeapSize                  = 122909434                              {pd product} {ergonomic}
    uintx ProfiledCodeHeapSize                     = 122909434                              {pd product} {ergonomic}
    uintx ReservedCodeCacheSize                    = 251658240                              {pd product} {ergonomic}
     bool SegmentedCodeCache                       = true                                      {product} {ergonomic}
   size_t SoftMaxHeapSize                          = 2118123520                             {manageable} {ergonomic}
     bool UseCompressedClassPointers               = true                           {product lp64_product} {ergonomic}
     bool UseCompressedOops                        = true                           {product lp64_product} {ergonomic}
     bool UseG1GC                                  = true                                      {product} {ergonomic}
     bool UseLargePagesIndividualAllocation        = false                                  {pd product} {ergonomic}

Logging:
Log output configuration:
 #0: stdout all=warning uptime,level,tags
 #1: stderr all=off uptime,level,tags

Environment Variables:
JAVA_HOME=C:\Users\xtron\Desktop\java\jdk-17.0.2
PATH=C:\Program Files (x86)\Intel\iCLS Client\;C:\Program Files\Intel\iCLS Client\;C:\Windows\system32;C:\Windows;C:\Windows\System32\Wbem;C:\Windows\System32\WindowsPowerShell\v1.0\;C:\Program Files (x86)\NVIDIA Corporation\PhysX\Common;C:\Program Files (x86)\Intel\Intel(R) Management Engine Components\DAL;C:\Program Files\Intel\Intel(R) Management Engine Components\DAL;C:\Program Files (x86)\Intel\Intel(R) Management Engine Components\IPT;C:\Program Files\Intel\Intel(R) Management Engine Components\IPT;C:\WINDOWS\system32;C:\WINDOWS;C:\WINDOWS\System32\Wbem;C:\WINDOWS\System32\WindowsPowerShell\v1.0\;C:\WINDOWS\System32\OpenSSH\;C:\Program Files\NVIDIA Corporation\NVIDIA NvDLISR;C:\Program Files\Process Lasso\;C:\MinGW\bin;C:\Users\xtron\Desktop\java\jdk-17.0.2\bin;C:\Program Files\Git\cmd;C:\Users\xtron\AppData\Local\Microsoft\WindowsApps;C:\Program Files\JetBrains\PyCharm Community Edition 2021.1.1\bin;C:\Users\xtron\AppData\Local\Programs\Microsoft VS Code\bin;C:\Users\xtron\AppData\Local\gitkraken\bin;%USERPROFILE%\AppData\Local\Microsoft\WindowsApps;
USERNAME=xtron
OS=Windows_NT
PROCESSOR_IDENTIFIER=Intel64 Family 6 Model 158 Stepping 9, GenuineIntel



---------------  S Y S T E M  ---------------

OS:
 Windows 10 , 64 bit Build 19041 (10.0.19041.3636)
OS uptime: 0 days 2:45 hours
Hyper-V role detected

CPU: total 8 (initial active 8) (4 cores per cpu, 2 threads per core) family 6 model 158 stepping 9 microcode 0xb4, cx8, cmov, fxsr, ht, mmx, 3dnowpref, sse, sse2, sse3, ssse3, sse4.1, sse4.2, popcnt, lzcnt, tsc, tscinvbit, avx, avx2, aes, erms, clmul, bmi1, bmi2, adx, fma, vzeroupper, clflush, clflushopt, hv

Memory: 4k page, system-wide physical 8076M (1051M free)
TotalPageFile size 12172M (AvailPageFile size 5M)
current process WorkingSet (physical memory assigned to process): 75M, peak: 75M
current process commit charge ("private bytes"): 230M, peak: 230M

vm_info: OpenJDK 64-Bit Server VM (17.0.2+8-86) for windows-amd64 JRE (17.0.2+8-86), built on Dec  7 2021 21:49:10 by "mach5one" with MS VC++ 16.8 / 16.9 (VS2019)

END.
