#
# There is insufficient memory for the Java Runtime Environment to continue.
# Native memory allocation (mmap) failed to map 65536 bytes for Failed to commit metaspace.
# Possible reasons:
#   The system is out of physical RAM or swap space
#   The process is running with CompressedOops enabled, and the Java Heap may be blocking the growth of the native heap
# Possible solutions:
#   Reduce memory load on the system
#   Increase physical memory or swap space
#   Check if swap backing store is full
#   Decrease Java heap size (-Xmx/-Xms)
#   Decrease number of Java threads
#   Decrease Java thread stack sizes (-Xss)
#   Set larger code cache with -XX:ReservedCodeCacheSize=
#   JVM is running with Unscaled Compressed Oops mode in which the Java heap is
#     placed in the first 4GB address space. The Java Heap base address is the
#     maximum limit for the native heap growth. Please use -XX:HeapBaseMinAddress
#     to set the Java Heap base and to place the Java Heap above 4GB virtual address.
# This output file may be truncated or incomplete.
#
#  Out of Memory Error (virtualSpaceNode.cpp:110), pid=11104, tid=4668
#
# JRE version: OpenJDK Runtime Environment (17.0.2+8) (build 17.0.2+8-86)
# Java VM: OpenJDK 64-Bit Server VM (17.0.2+8-86, mixed mode, sharing, tiered, compressed oops, compressed class ptrs, g1 gc, windows-amd64)
# No core dump will be written. Minidumps are not enabled by default on client versions of Windows
#

---------------  S U M M A R Y ------------

Command Line: -Dclassworlds.conf=C:\Program Files\NetBeans-18\netbeans\java\maven\bin\m2.conf -Dmaven.home=C:\Program Files\NetBeans-18\netbeans\java\maven -Dlibrary.jansi.path=C:\Program Files\NetBeans-18\netbeans\java\maven\lib\jansi-native -Dmaven.multiModuleProjectDirectory=C:\Users\xtron\Desktop\TCD-POO\TCD-POO org.codehaus.plexus.classworlds.launcher.Launcher -Dexec.vmArgs= -Dexec.args=${exec.vmArgs} -classpath %classpath ${exec.mainClass} ${exec.appArgs} -Dexec.appArgs= -Dexec.mainClass=gui.TelaAutenticacao -Dexec.executable=C:\Users\xtron\Desktop\java\jdk-17.0.2\bin\java.exe -Dmaven.ext.class.path=C:\Program Files\NetBeans-18\netbeans\java\maven-nblib\netbeans-eventspy.jar -Dfile.encoding=UTF-8 --no-transfer-progress process-classes org.codehaus.mojo:exec-maven-plugin:3.1.0:exec

Host: Intel(R) Core(TM) i7-7700HQ CPU @ 2.80GHz, 8 cores, 7G,  Windows 10 , 64 bit Build 19041 (10.0.19041.3636)
Time: Sat Dec  9 20:46:29 2023 Hora oficial do Brasil elapsed time: 0.098074 seconds (0d 0h 0m 0s)

---------------  T H R E A D  ---------------

Current thread (0x00000240678f1880):  JavaThread "main" [_thread_in_vm, id=4668, stack(0x00000075abf00000,0x00000075ac000000)]

Stack: [0x00000075abf00000,0x00000075ac000000]
Native frames: (J=compiled Java code, j=interpreted, Vv=VM code, C=native code)
V  [jvm.dll+0x670baa]
V  [jvm.dll+0x7cfcb4]
V  [jvm.dll+0x7d145e]
V  [jvm.dll+0x7d1ac3]
V  [jvm.dll+0x242bc5]
V  [jvm.dll+0x7cbc5b]
V  [jvm.dll+0x616966]
V  [jvm.dll+0x1be3ee]
V  [jvm.dll+0x6192a1]
V  [jvm.dll+0x617306]
V  [jvm.dll+0x238556]
V  [jvm.dll+0x1e880d]
V  [jvm.dll+0x1de251]
V  [jvm.dll+0x537c30]
V  [jvm.dll+0x74ad28]
V  [jvm.dll+0x74ae14]
V  [jvm.dll+0x408cc5]
V  [jvm.dll+0x40ed18]
C  [java.dll+0x17ec]

Java frames: (J=compiled Java code, j=interpreted, Vv=VM code)
j  java.lang.ClassLoader.defineClass1(Ljava/lang/ClassLoader;Ljava/lang/String;[BIILjava/security/ProtectionDomain;Ljava/lang/String;)Ljava/lang/Class;+0 java.base@17.0.2
j  java.lang.ClassLoader.defineClass(Ljava/lang/String;[BIILjava/security/ProtectionDomain;)Ljava/lang/Class;+27 java.base@17.0.2
j  java.security.SecureClassLoader.defineClass(Ljava/lang/String;[BIILjava/security/CodeSource;)Ljava/lang/Class;+12 java.base@17.0.2
j  java.net.URLClassLoader.defineClass(Ljava/lang/String;Ljdk/internal/loader/Resource;)Ljava/lang/Class;+220 java.base@17.0.2
j  java.net.URLClassLoader$1.run()Ljava/lang/Class;+43 java.base@17.0.2
j  java.net.URLClassLoader$1.run()Ljava/lang/Object;+1 java.base@17.0.2
j  java.security.AccessController.executePrivileged(Ljava/security/PrivilegedExceptionAction;Ljava/security/AccessControlContext;Ljava/lang/Class;)Ljava/lang/Object;+29 java.base@17.0.2
j  java.security.AccessController.doPrivileged(Ljava/security/PrivilegedExceptionAction;Ljava/security/AccessControlContext;)Ljava/lang/Object;+13 java.base@17.0.2
j  java.net.URLClassLoader.findClass(Ljava/lang/String;)Ljava/lang/Class;+13 java.base@17.0.2
j  org.codehaus.plexus.classworlds.realm.ClassRealm.loadClassFromSelf(Ljava/lang/String;)Ljava/lang/Class;+20
j  org.codehaus.plexus.classworlds.strategy.SelfFirstStrategy.loadClass(Ljava/lang/String;)Ljava/lang/Class;+18
j  org.codehaus.plexus.classworlds.realm.ClassRealm.unsynchronizedLoadClass(Ljava/lang/String;Z)Ljava/lang/Class;+13
j  org.codehaus.plexus.classworlds.realm.ClassRealm.loadClass(Ljava/lang/String;Z)Ljava/lang/Class;+9
j  org.codehaus.plexus.classworlds.realm.ClassRealm.loadClass(Ljava/lang/String;)Ljava/lang/Class;+3
j  org.codehaus.plexus.classworlds.launcher.Launcher.getMainClass()Ljava/lang/Class;+8
j  org.codehaus.plexus.classworlds.launcher.Launcher.launchEnhanced([Ljava/lang/String;)V+6
j  org.codehaus.plexus.classworlds.launcher.Launcher.launch([Ljava/lang/String;)V+2
j  org.codehaus.plexus.classworlds.launcher.Launcher.mainWithExitCode([Ljava/lang/String;)I+101
j  org.codehaus.plexus.classworlds.launcher.Launcher.main([Ljava/lang/String;)V+1
v  ~StubRoutines::call_stub

---------------  P R O C E S S  ---------------

Threads class SMR info:
_java_thread_list=0x00000240069bd7d0, length=12, elements={
0x00000240678f1880, 0x000002407fa4cd20, 0x000002407fa4daa0, 0x000002407fa633f0,
0x000002407fa660c0, 0x000002407fa66980, 0x000002407fa67240, 0x000002407fa6fef0,
0x000002407fa75db0, 0x000002407fa786c0, 0x00000240069bb1c0, 0x00000240069c3ad0
}

Java Threads: ( => current thread )
=>0x00000240678f1880 JavaThread "main" [_thread_in_vm, id=4668, stack(0x00000075abf00000,0x00000075ac000000)]
  0x000002407fa4cd20 JavaThread "Reference Handler" daemon [_thread_blocked, id=2072, stack(0x00000075ac600000,0x00000075ac700000)]
  0x000002407fa4daa0 JavaThread "Finalizer" daemon [_thread_blocked, id=5460, stack(0x00000075ac700000,0x00000075ac800000)]
  0x000002407fa633f0 JavaThread "Signal Dispatcher" daemon [_thread_blocked, id=12844, stack(0x00000075ac800000,0x00000075ac900000)]
  0x000002407fa660c0 JavaThread "Attach Listener" daemon [_thread_blocked, id=2860, stack(0x00000075ac900000,0x00000075aca00000)]
  0x000002407fa66980 JavaThread "Service Thread" daemon [_thread_blocked, id=3388, stack(0x00000075aca00000,0x00000075acb00000)]
  0x000002407fa67240 JavaThread "Monitor Deflation Thread" daemon [_thread_blocked, id=5220, stack(0x00000075acb00000,0x00000075acc00000)]
  0x000002407fa6fef0 JavaThread "C2 CompilerThread0" daemon [_thread_blocked, id=14732, stack(0x00000075acc00000,0x00000075acd00000)]
  0x000002407fa75db0 JavaThread "C1 CompilerThread0" daemon [_thread_blocked, id=5472, stack(0x00000075acd00000,0x00000075ace00000)]
  0x000002407fa786c0 JavaThread "Sweeper thread" daemon [_thread_blocked, id=8120, stack(0x00000075ace00000,0x00000075acf00000)]
  0x00000240069bb1c0 JavaThread "Notification Thread" daemon [_thread_blocked, id=14036, stack(0x00000075acf00000,0x00000075ad000000)]
  0x00000240069c3ad0 JavaThread "Common-Cleaner" daemon [_thread_blocked, id=15056, stack(0x00000075ad100000,0x00000075ad200000)]

Other Threads:
  0x000002407fa48920 VMThread "VM Thread" [stack: 0x00000075ac500000,0x00000075ac600000] [id=7224]
  0x000002406794c030 WatcherThread [stack: 0x00000075ad000000,0x00000075ad100000] [id=14432]
  0x00000240679327a0 GCTaskThread "GC Thread#0" [stack: 0x00000075ac000000,0x00000075ac100000] [id=1680]
  0x0000024067943270 ConcurrentGCThread "G1 Main Marker" [stack: 0x00000075ac100000,0x00000075ac200000] [id=8900]
  0x0000024067944ba0 ConcurrentGCThread "G1 Conc#0" [stack: 0x00000075ac200000,0x00000075ac300000] [id=15232]
  0x000002407f910090 ConcurrentGCThread "G1 Refine#0" [stack: 0x00000075ac300000,0x00000075ac400000] [id=12264]
  0x000002407f9109c0 ConcurrentGCThread "G1 Service" [stack: 0x00000075ac400000,0x00000075ac500000] [id=5744]

Threads with active compile tasks:

VM state: not at safepoint (normal execution)

VM Mutex/Monitor currently owned by a thread:  ([mutex/lock_event])
[0x00000240678ed490] Metaspace_lock - owner thread: 0x00000240678f1880

Heap address: 0x0000000081c00000, size: 2020 MB, Compressed Oops mode: 32-bit

CDS archive(s) mapped at: [0x0000000800000000-0x0000000800bc0000-0x0000000800bc0000), size 12320768, SharedBaseAddress: 0x0000000800000000, ArchiveRelocationMode: 0.
Compressed class space mapped at: 0x0000000800c00000-0x0000000840c00000, reserved size: 1073741824
Narrow klass base: 0x0000000800000000, Narrow klass shift: 0, Narrow klass range: 0x100000000

GC Precious Log:
 CPUs: 8 total, 8 available
 Memory: 8076M
 Large Page Support: Disabled
 NUMA Support: Disabled
 Compressed Oops: Enabled (32-bit)
 Heap Region Size: 1M
 Heap Min Capacity: 8M
 Heap Initial Capacity: 128M
 Heap Max Capacity: 2020M
 Pre-touch: Disabled
 Parallel Workers: 8
 Concurrent Workers: 2
 Concurrent Refinement Workers: 8
 Periodic GC: Disabled

Heap:
 garbage-first heap   total 131072K, used 2048K [0x0000000081c00000, 0x0000000100000000)
  region size 1024K, 3 young (3072K), 0 survivors (0K)
 Metaspace       used 463K, committed 576K, reserved 1056768K
  class space    used 33K, committed 128K, reserved 1048576K

Heap Regions: E=young(eden), S=young(survivor), O=old, HS=humongous(starts), HC=humongous(continues), CS=collection set, F=free, OA=open archive, CA=closed archive, TAMS=top-at-mark-start (previous, next)
|   0|0x0000000081c00000, 0x0000000081c00000, 0x0000000081d00000|  0%| F|  |TAMS 0x0000000081c00000, 0x0000000081c00000| Untracked 
|   1|0x0000000081d00000, 0x0000000081d00000, 0x0000000081e00000|  0%| F|  |TAMS 0x0000000081d00000, 0x0000000081d00000| Untracked 
|   2|0x0000000081e00000, 0x0000000081e00000, 0x0000000081f00000|  0%| F|  |TAMS 0x0000000081e00000, 0x0000000081e00000| Untracked 
|   3|0x0000000081f00000, 0x0000000081f00000, 0x0000000082000000|  0%| F|  |TAMS 0x0000000081f00000, 0x0000000081f00000| Untracked 
|   4|0x0000000082000000, 0x0000000082000000, 0x0000000082100000|  0%| F|  |TAMS 0x0000000082000000, 0x0000000082000000| Untracked 
|   5|0x0000000082100000, 0x0000000082100000, 0x0000000082200000|  0%| F|  |TAMS 0x0000000082100000, 0x0000000082100000| Untracked 
|   6|0x0000000082200000, 0x0000000082200000, 0x0000000082300000|  0%| F|  |TAMS 0x0000000082200000, 0x0000000082200000| Untracked 
|   7|0x0000000082300000, 0x0000000082300000, 0x0000000082400000|  0%| F|  |TAMS 0x0000000082300000, 0x0000000082300000| Untracked 
|   8|0x0000000082400000, 0x0000000082400000, 0x0000000082500000|  0%| F|  |TAMS 0x0000000082400000, 0x0000000082400000| Untracked 
|   9|0x0000000082500000, 0x0000000082500000, 0x0000000082600000|  0%| F|  |TAMS 0x0000000082500000, 0x0000000082500000| Untracked 
|  10|0x0000000082600000, 0x0000000082600000, 0x0000000082700000|  0%| F|  |TAMS 0x0000000082600000, 0x0000000082600000| Untracked 
|  11|0x0000000082700000, 0x0000000082700000, 0x0000000082800000|  0%| F|  |TAMS 0x0000000082700000, 0x0000000082700000| Untracked 
|  12|0x0000000082800000, 0x0000000082800000, 0x0000000082900000|  0%| F|  |TAMS 0x0000000082800000, 0x0000000082800000| Untracked 
|  13|0x0000000082900000, 0x0000000082900000, 0x0000000082a00000|  0%| F|  |TAMS 0x0000000082900000, 0x0000000082900000| Untracked 
|  14|0x0000000082a00000, 0x0000000082a00000, 0x0000000082b00000|  0%| F|  |TAMS 0x0000000082a00000, 0x0000000082a00000| Untracked 
|  15|0x0000000082b00000, 0x0000000082b00000, 0x0000000082c00000|  0%| F|  |TAMS 0x0000000082b00000, 0x0000000082b00000| Untracked 
|  16|0x0000000082c00000, 0x0000000082c00000, 0x0000000082d00000|  0%| F|  |TAMS 0x0000000082c00000, 0x0000000082c00000| Untracked 
|  17|0x0000000082d00000, 0x0000000082d00000, 0x0000000082e00000|  0%| F|  |TAMS 0x0000000082d00000, 0x0000000082d00000| Untracked 
|  18|0x0000000082e00000, 0x0000000082e00000, 0x0000000082f00000|  0%| F|  |TAMS 0x0000000082e00000, 0x0000000082e00000| Untracked 
|  19|0x0000000082f00000, 0x0000000082f00000, 0x0000000083000000|  0%| F|  |TAMS 0x0000000082f00000, 0x0000000082f00000| Untracked 
|  20|0x0000000083000000, 0x0000000083000000, 0x0000000083100000|  0%| F|  |TAMS 0x0000000083000000, 0x0000000083000000| Untracked 
|  21|0x0000000083100000, 0x0000000083100000, 0x0000000083200000|  0%| F|  |TAMS 0x0000000083100000, 0x0000000083100000| Untracked 
|  22|0x0000000083200000, 0x0000000083200000, 0x0000000083300000|  0%| F|  |TAMS 0x0000000083200000, 0x0000000083200000| Untracked 
|  23|0x0000000083300000, 0x0000000083300000, 0x0000000083400000|  0%| F|  |TAMS 0x0000000083300000, 0x0000000083300000| Untracked 
|  24|0x0000000083400000, 0x0000000083400000, 0x0000000083500000|  0%| F|  |TAMS 0x0000000083400000, 0x0000000083400000| Untracked 
|  25|0x0000000083500000, 0x0000000083500000, 0x0000000083600000|  0%| F|  |TAMS 0x0000000083500000, 0x0000000083500000| Untracked 
|  26|0x0000000083600000, 0x0000000083600000, 0x0000000083700000|  0%| F|  |TAMS 0x0000000083600000, 0x0000000083600000| Untracked 
|  27|0x0000000083700000, 0x0000000083700000, 0x0000000083800000|  0%| F|  |TAMS 0x0000000083700000, 0x0000000083700000| Untracked 
|  28|0x0000000083800000, 0x0000000083800000, 0x0000000083900000|  0%| F|  |TAMS 0x0000000083800000, 0x0000000083800000| Untracked 
|  29|0x0000000083900000, 0x0000000083900000, 0x0000000083a00000|  0%| F|  |TAMS 0x0000000083900000, 0x0000000083900000| Untracked 
|  30|0x0000000083a00000, 0x0000000083a00000, 0x0000000083b00000|  0%| F|  |TAMS 0x0000000083a00000, 0x0000000083a00000| Untracked 
|  31|0x0000000083b00000, 0x0000000083b00000, 0x0000000083c00000|  0%| F|  |TAMS 0x0000000083b00000, 0x0000000083b00000| Untracked 
|  32|0x0000000083c00000, 0x0000000083c00000, 0x0000000083d00000|  0%| F|  |TAMS 0x0000000083c00000, 0x0000000083c00000| Untracked 
|  33|0x0000000083d00000, 0x0000000083d00000, 0x0000000083e00000|  0%| F|  |TAMS 0x0000000083d00000, 0x0000000083d00000| Untracked 
|  34|0x0000000083e00000, 0x0000000083e00000, 0x0000000083f00000|  0%| F|  |TAMS 0x0000000083e00000, 0x0000000083e00000| Untracked 
|  35|0x0000000083f00000, 0x0000000083f00000, 0x0000000084000000|  0%| F|  |TAMS 0x0000000083f00000, 0x0000000083f00000| Untracked 
|  36|0x0000000084000000, 0x0000000084000000, 0x0000000084100000|  0%| F|  |TAMS 0x0000000084000000, 0x0000000084000000| Untracked 
|  37|0x0000000084100000, 0x0000000084100000, 0x0000000084200000|  0%| F|  |TAMS 0x0000000084100000, 0x0000000084100000| Untracked 
|  38|0x0000000084200000, 0x0000000084200000, 0x0000000084300000|  0%| F|  |TAMS 0x0000000084200000, 0x0000000084200000| Untracked 
|  39|0x0000000084300000, 0x0000000084300000, 0x0000000084400000|  0%| F|  |TAMS 0x0000000084300000, 0x0000000084300000| Untracked 
|  40|0x0000000084400000, 0x0000000084400000, 0x0000000084500000|  0%| F|  |TAMS 0x0000000084400000, 0x0000000084400000| Untracked 
|  41|0x0000000084500000, 0x0000000084500000, 0x0000000084600000|  0%| F|  |TAMS 0x0000000084500000, 0x0000000084500000| Untracked 
|  42|0x0000000084600000, 0x0000000084600000, 0x0000000084700000|  0%| F|  |TAMS 0x0000000084600000, 0x0000000084600000| Untracked 
|  43|0x0000000084700000, 0x0000000084700000, 0x0000000084800000|  0%| F|  |TAMS 0x0000000084700000, 0x0000000084700000| Untracked 
|  44|0x0000000084800000, 0x0000000084800000, 0x0000000084900000|  0%| F|  |TAMS 0x0000000084800000, 0x0000000084800000| Untracked 
|  45|0x0000000084900000, 0x0000000084900000, 0x0000000084a00000|  0%| F|  |TAMS 0x0000000084900000, 0x0000000084900000| Untracked 
|  46|0x0000000084a00000, 0x0000000084a00000, 0x0000000084b00000|  0%| F|  |TAMS 0x0000000084a00000, 0x0000000084a00000| Untracked 
|  47|0x0000000084b00000, 0x0000000084b00000, 0x0000000084c00000|  0%| F|  |TAMS 0x0000000084b00000, 0x0000000084b00000| Untracked 
|  48|0x0000000084c00000, 0x0000000084c00000, 0x0000000084d00000|  0%| F|  |TAMS 0x0000000084c00000, 0x0000000084c00000| Untracked 
|  49|0x0000000084d00000, 0x0000000084d00000, 0x0000000084e00000|  0%| F|  |TAMS 0x0000000084d00000, 0x0000000084d00000| Untracked 
|  50|0x0000000084e00000, 0x0000000084e00000, 0x0000000084f00000|  0%| F|  |TAMS 0x0000000084e00000, 0x0000000084e00000| Untracked 
|  51|0x0000000084f00000, 0x0000000084f00000, 0x0000000085000000|  0%| F|  |TAMS 0x0000000084f00000, 0x0000000084f00000| Untracked 
|  52|0x0000000085000000, 0x0000000085000000, 0x0000000085100000|  0%| F|  |TAMS 0x0000000085000000, 0x0000000085000000| Untracked 
|  53|0x0000000085100000, 0x0000000085100000, 0x0000000085200000|  0%| F|  |TAMS 0x0000000085100000, 0x0000000085100000| Untracked 
|  54|0x0000000085200000, 0x0000000085200000, 0x0000000085300000|  0%| F|  |TAMS 0x0000000085200000, 0x0000000085200000| Untracked 
|  55|0x0000000085300000, 0x0000000085300000, 0x0000000085400000|  0%| F|  |TAMS 0x0000000085300000, 0x0000000085300000| Untracked 
|  56|0x0000000085400000, 0x0000000085400000, 0x0000000085500000|  0%| F|  |TAMS 0x0000000085400000, 0x0000000085400000| Untracked 
|  57|0x0000000085500000, 0x0000000085500000, 0x0000000085600000|  0%| F|  |TAMS 0x0000000085500000, 0x0000000085500000| Untracked 
|  58|0x0000000085600000, 0x0000000085600000, 0x0000000085700000|  0%| F|  |TAMS 0x0000000085600000, 0x0000000085600000| Untracked 
|  59|0x0000000085700000, 0x0000000085700000, 0x0000000085800000|  0%| F|  |TAMS 0x0000000085700000, 0x0000000085700000| Untracked 
|  60|0x0000000085800000, 0x0000000085800000, 0x0000000085900000|  0%| F|  |TAMS 0x0000000085800000, 0x0000000085800000| Untracked 
|  61|0x0000000085900000, 0x0000000085900000, 0x0000000085a00000|  0%| F|  |TAMS 0x0000000085900000, 0x0000000085900000| Untracked 
|  62|0x0000000085a00000, 0x0000000085a00000, 0x0000000085b00000|  0%| F|  |TAMS 0x0000000085a00000, 0x0000000085a00000| Untracked 
|  63|0x0000000085b00000, 0x0000000085b00000, 0x0000000085c00000|  0%| F|  |TAMS 0x0000000085b00000, 0x0000000085b00000| Untracked 
|  64|0x0000000085c00000, 0x0000000085c00000, 0x0000000085d00000|  0%| F|  |TAMS 0x0000000085c00000, 0x0000000085c00000| Untracked 
|  65|0x0000000085d00000, 0x0000000085d00000, 0x0000000085e00000|  0%| F|  |TAMS 0x0000000085d00000, 0x0000000085d00000| Untracked 
|  66|0x0000000085e00000, 0x0000000085e00000, 0x0000000085f00000|  0%| F|  |TAMS 0x0000000085e00000, 0x0000000085e00000| Untracked 
|  67|0x0000000085f00000, 0x0000000085f00000, 0x0000000086000000|  0%| F|  |TAMS 0x0000000085f00000, 0x0000000085f00000| Untracked 
|  68|0x0000000086000000, 0x0000000086000000, 0x0000000086100000|  0%| F|  |TAMS 0x0000000086000000, 0x0000000086000000| Untracked 
|  69|0x0000000086100000, 0x0000000086100000, 0x0000000086200000|  0%| F|  |TAMS 0x0000000086100000, 0x0000000086100000| Untracked 
|  70|0x0000000086200000, 0x0000000086200000, 0x0000000086300000|  0%| F|  |TAMS 0x0000000086200000, 0x0000000086200000| Untracked 
|  71|0x0000000086300000, 0x0000000086300000, 0x0000000086400000|  0%| F|  |TAMS 0x0000000086300000, 0x0000000086300000| Untracked 
|  72|0x0000000086400000, 0x0000000086400000, 0x0000000086500000|  0%| F|  |TAMS 0x0000000086400000, 0x0000000086400000| Untracked 
|  73|0x0000000086500000, 0x0000000086500000, 0x0000000086600000|  0%| F|  |TAMS 0x0000000086500000, 0x0000000086500000| Untracked 
|  74|0x0000000086600000, 0x0000000086600000, 0x0000000086700000|  0%| F|  |TAMS 0x0000000086600000, 0x0000000086600000| Untracked 
|  75|0x0000000086700000, 0x0000000086700000, 0x0000000086800000|  0%| F|  |TAMS 0x0000000086700000, 0x0000000086700000| Untracked 
|  76|0x0000000086800000, 0x0000000086800000, 0x0000000086900000|  0%| F|  |TAMS 0x0000000086800000, 0x0000000086800000| Untracked 
|  77|0x0000000086900000, 0x0000000086900000, 0x0000000086a00000|  0%| F|  |TAMS 0x0000000086900000, 0x0000000086900000| Untracked 
|  78|0x0000000086a00000, 0x0000000086a00000, 0x0000000086b00000|  0%| F|  |TAMS 0x0000000086a00000, 0x0000000086a00000| Untracked 
|  79|0x0000000086b00000, 0x0000000086b00000, 0x0000000086c00000|  0%| F|  |TAMS 0x0000000086b00000, 0x0000000086b00000| Untracked 
|  80|0x0000000086c00000, 0x0000000086c00000, 0x0000000086d00000|  0%| F|  |TAMS 0x0000000086c00000, 0x0000000086c00000| Untracked 
|  81|0x0000000086d00000, 0x0000000086d00000, 0x0000000086e00000|  0%| F|  |TAMS 0x0000000086d00000, 0x0000000086d00000| Untracked 
|  82|0x0000000086e00000, 0x0000000086e00000, 0x0000000086f00000|  0%| F|  |TAMS 0x0000000086e00000, 0x0000000086e00000| Untracked 
|  83|0x0000000086f00000, 0x0000000086f00000, 0x0000000087000000|  0%| F|  |TAMS 0x0000000086f00000, 0x0000000086f00000| Untracked 
|  84|0x0000000087000000, 0x0000000087000000, 0x0000000087100000|  0%| F|  |TAMS 0x0000000087000000, 0x0000000087000000| Untracked 
|  85|0x0000000087100000, 0x0000000087100000, 0x0000000087200000|  0%| F|  |TAMS 0x0000000087100000, 0x0000000087100000| Untracked 
|  86|0x0000000087200000, 0x0000000087200000, 0x0000000087300000|  0%| F|  |TAMS 0x0000000087200000, 0x0000000087200000| Untracked 
|  87|0x0000000087300000, 0x0000000087300000, 0x0000000087400000|  0%| F|  |TAMS 0x0000000087300000, 0x0000000087300000| Untracked 
|  88|0x0000000087400000, 0x0000000087400000, 0x0000000087500000|  0%| F|  |TAMS 0x0000000087400000, 0x0000000087400000| Untracked 
|  89|0x0000000087500000, 0x0000000087500000, 0x0000000087600000|  0%| F|  |TAMS 0x0000000087500000, 0x0000000087500000| Untracked 
|  90|0x0000000087600000, 0x0000000087600000, 0x0000000087700000|  0%| F|  |TAMS 0x0000000087600000, 0x0000000087600000| Untracked 
|  91|0x0000000087700000, 0x0000000087700000, 0x0000000087800000|  0%| F|  |TAMS 0x0000000087700000, 0x0000000087700000| Untracked 
|  92|0x0000000087800000, 0x0000000087800000, 0x0000000087900000|  0%| F|  |TAMS 0x0000000087800000, 0x0000000087800000| Untracked 
|  93|0x0000000087900000, 0x0000000087900000, 0x0000000087a00000|  0%| F|  |TAMS 0x0000000087900000, 0x0000000087900000| Untracked 
|  94|0x0000000087a00000, 0x0000000087a00000, 0x0000000087b00000|  0%| F|  |TAMS 0x0000000087a00000, 0x0000000087a00000| Untracked 
|  95|0x0000000087b00000, 0x0000000087b00000, 0x0000000087c00000|  0%| F|  |TAMS 0x0000000087b00000, 0x0000000087b00000| Untracked 
|  96|0x0000000087c00000, 0x0000000087c00000, 0x0000000087d00000|  0%| F|  |TAMS 0x0000000087c00000, 0x0000000087c00000| Untracked 
|  97|0x0000000087d00000, 0x0000000087d00000, 0x0000000087e00000|  0%| F|  |TAMS 0x0000000087d00000, 0x0000000087d00000| Untracked 
|  98|0x0000000087e00000, 0x0000000087e00000, 0x0000000087f00000|  0%| F|  |TAMS 0x0000000087e00000, 0x0000000087e00000| Untracked 
|  99|0x0000000087f00000, 0x0000000087f00000, 0x0000000088000000|  0%| F|  |TAMS 0x0000000087f00000, 0x0000000087f00000| Untracked 
| 100|0x0000000088000000, 0x0000000088000000, 0x0000000088100000|  0%| F|  |TAMS 0x0000000088000000, 0x0000000088000000| Untracked 
| 101|0x0000000088100000, 0x0000000088100000, 0x0000000088200000|  0%| F|  |TAMS 0x0000000088100000, 0x0000000088100000| Untracked 
| 102|0x0000000088200000, 0x0000000088200000, 0x0000000088300000|  0%| F|  |TAMS 0x0000000088200000, 0x0000000088200000| Untracked 
| 103|0x0000000088300000, 0x0000000088300000, 0x0000000088400000|  0%| F|  |TAMS 0x0000000088300000, 0x0000000088300000| Untracked 
| 104|0x0000000088400000, 0x0000000088400000, 0x0000000088500000|  0%| F|  |TAMS 0x0000000088400000, 0x0000000088400000| Untracked 
| 105|0x0000000088500000, 0x0000000088500000, 0x0000000088600000|  0%| F|  |TAMS 0x0000000088500000, 0x0000000088500000| Untracked 
| 106|0x0000000088600000, 0x0000000088600000, 0x0000000088700000|  0%| F|  |TAMS 0x0000000088600000, 0x0000000088600000| Untracked 
| 107|0x0000000088700000, 0x0000000088700000, 0x0000000088800000|  0%| F|  |TAMS 0x0000000088700000, 0x0000000088700000| Untracked 
| 108|0x0000000088800000, 0x0000000088800000, 0x0000000088900000|  0%| F|  |TAMS 0x0000000088800000, 0x0000000088800000| Untracked 
| 109|0x0000000088900000, 0x0000000088900000, 0x0000000088a00000|  0%| F|  |TAMS 0x0000000088900000, 0x0000000088900000| Untracked 
| 110|0x0000000088a00000, 0x0000000088a00000, 0x0000000088b00000|  0%| F|  |TAMS 0x0000000088a00000, 0x0000000088a00000| Untracked 
| 111|0x0000000088b00000, 0x0000000088b00000, 0x0000000088c00000|  0%| F|  |TAMS 0x0000000088b00000, 0x0000000088b00000| Untracked 
| 112|0x0000000088c00000, 0x0000000088c00000, 0x0000000088d00000|  0%| F|  |TAMS 0x0000000088c00000, 0x0000000088c00000| Untracked 
| 113|0x0000000088d00000, 0x0000000088d00000, 0x0000000088e00000|  0%| F|  |TAMS 0x0000000088d00000, 0x0000000088d00000| Untracked 
| 114|0x0000000088e00000, 0x0000000088e00000, 0x0000000088f00000|  0%| F|  |TAMS 0x0000000088e00000, 0x0000000088e00000| Untracked 
| 115|0x0000000088f00000, 0x0000000088f00000, 0x0000000089000000|  0%| F|  |TAMS 0x0000000088f00000, 0x0000000088f00000| Untracked 
| 116|0x0000000089000000, 0x0000000089000000, 0x0000000089100000|  0%| F|  |TAMS 0x0000000089000000, 0x0000000089000000| Untracked 
| 117|0x0000000089100000, 0x0000000089100000, 0x0000000089200000|  0%| F|  |TAMS 0x0000000089100000, 0x0000000089100000| Untracked 
| 118|0x0000000089200000, 0x0000000089200000, 0x0000000089300000|  0%| F|  |TAMS 0x0000000089200000, 0x0000000089200000| Untracked 
| 119|0x0000000089300000, 0x0000000089300000, 0x0000000089400000|  0%| F|  |TAMS 0x0000000089300000, 0x0000000089300000| Untracked 
| 120|0x0000000089400000, 0x0000000089400000, 0x0000000089500000|  0%| F|  |TAMS 0x0000000089400000, 0x0000000089400000| Untracked 
| 121|0x0000000089500000, 0x0000000089500000, 0x0000000089600000|  0%| F|  |TAMS 0x0000000089500000, 0x0000000089500000| Untracked 
| 122|0x0000000089600000, 0x0000000089600000, 0x0000000089700000|  0%| F|  |TAMS 0x0000000089600000, 0x0000000089600000| Untracked 
| 123|0x0000000089700000, 0x0000000089700000, 0x0000000089800000|  0%| F|  |TAMS 0x0000000089700000, 0x0000000089700000| Untracked 
| 124|0x0000000089800000, 0x0000000089800000, 0x0000000089900000|  0%| F|  |TAMS 0x0000000089800000, 0x0000000089800000| Untracked 
| 125|0x0000000089900000, 0x0000000089988278, 0x0000000089a00000| 53%| E|  |TAMS 0x0000000089900000, 0x0000000089900000| Complete 
| 126|0x0000000089a00000, 0x0000000089b00000, 0x0000000089b00000|100%| E|CS|TAMS 0x0000000089a00000, 0x0000000089a00000| Complete 
| 127|0x0000000089b00000, 0x0000000089c00000, 0x0000000089c00000|100%| E|CS|TAMS 0x0000000089b00000, 0x0000000089b00000| Complete 

Card table byte_map: [0x000002407e870000,0x000002407ec70000] _byte_map_base: 0x000002407e462000

Marking Bits (Prev, Next): (CMBitMap*) 0x0000024067932cc0, (CMBitMap*) 0x0000024067932d00
 Prev Bits: [0x0000024000000000, 0x0000024001f90000)
 Next Bits: [0x0000024001f90000, 0x0000024003f20000)

Polling page: 0x0000024065810000

Metaspace:

Usage:
  Non-class:    430.49 KB used.
      Class:     33.22 KB used.
       Both:    463.71 KB used.

Virtual space:
  Non-class space:        8.00 MB reserved,     448.00 KB (  5%) committed,  1 nodes.
      Class space:        1.00 GB reserved,     128.00 KB ( <1%) committed,  1 nodes.
             Both:        1.01 GB reserved,     576.00 KB ( <1%) committed. 

Chunk freelists:
   Non-Class:  3.93 MB
       Class:  3.73 MB
        Both:  7.67 MB

MaxMetaspaceSize: unlimited
CompressedClassSpaceSize: 1.00 GB
Initial GC threshold: 21.00 MB
Current GC threshold: 21.00 MB
CDS: on
MetaspaceReclaimPolicy: balanced
 - commit_granule_bytes: 65536.
 - commit_granule_words: 8192.
 - virtual_space_node_default_size: 1048576.
 - enlarge_chunks_in_place: 1.
 - new_chunks_are_fully_committed: 0.
 - uncommit_free_chunks: 1.
 - use_allocation_guard: 0.
 - handle_deallocations: 1.


Internal statistics:

num_allocs_failed_limit: 0.
num_arena_births: 6.
num_arena_deaths: 0.
num_vsnodes_births: 2.
num_vsnodes_deaths: 0.
num_space_committed: 9.
num_space_uncommitted: 0.
num_chunks_returned_to_freelist: 0.
num_chunks_taken_from_freelist: 11.
num_chunk_merges: 0.
num_chunk_splits: 6.
num_chunks_enlarged: 6.
num_purges: 0.
num_inconsistent_stats: 0.

CodeHeap 'non-profiled nmethods': size=120000Kb used=37Kb max_used=37Kb free=119963Kb
 bounds [0x0000024076c10000, 0x0000024076e80000, 0x000002407e140000]
CodeHeap 'profiled nmethods': size=120000Kb used=220Kb max_used=220Kb free=119779Kb
 bounds [0x000002406f6e0000, 0x000002406f950000, 0x0000024076c10000]
CodeHeap 'non-nmethods': size=5760Kb used=1060Kb max_used=1075Kb free=4699Kb
 bounds [0x000002406f140000, 0x000002406f3b0000, 0x000002406f6e0000]
 total_blobs=483 nmethods=160 adapters=236
 compilation: enabled
              stopped_count=0, restarted_count=0
 full_count=0

Compilation events (20 events):
Event: 0.087 Thread 0x000002407fa75db0  149       3       java.util.AbstractSet::<init> (5 bytes)
Event: 0.087 Thread 0x000002407fa75db0 nmethod 149 0x000002406f713b10 code [0x000002406f713cc0, 0x000002406f713e78]
Event: 0.089 Thread 0x000002407fa75db0  151       3       java.lang.StringCoding::hasNegatives (25 bytes)
Event: 0.089 Thread 0x000002407fa75db0 nmethod 151 0x000002406f713f90 code [0x000002406f714140, 0x000002406f714378]
Event: 0.089 Thread 0x000002407fa75db0  152       3       java.lang.String::checkBoundsOffCount (64 bytes)
Event: 0.089 Thread 0x000002407fa75db0 nmethod 152 0x000002406f714490 code [0x000002406f714720, 0x000002406f715018]
Event: 0.089 Thread 0x000002407fa75db0  153       1       java.net.URL::getHost (5 bytes)
Event: 0.090 Thread 0x000002407fa75db0 nmethod 153 0x0000024076c18710 code [0x0000024076c188a0, 0x0000024076c18978]
Event: 0.090 Thread 0x000002407fa75db0  154       1       java.nio.Buffer::position (5 bytes)
Event: 0.090 Thread 0x000002407fa6fef0  155       4       java.lang.String::isLatin1 (19 bytes)
Event: 0.090 Thread 0x000002407fa75db0 nmethod 154 0x0000024076c18a10 code [0x0000024076c18ba0, 0x0000024076c18c78]
Event: 0.091 Thread 0x000002407fa6fef0 nmethod 155 0x0000024076c18d10 code [0x0000024076c18e80, 0x0000024076c18f18]
Event: 0.092 Thread 0x000002407fa75db0  156       3       java.lang.StringUTF16::compress (50 bytes)
Event: 0.092 Thread 0x000002407fa75db0 nmethod 156 0x000002406f715390 code [0x000002406f715540, 0x000002406f715798]
Event: 0.092 Thread 0x000002407fa75db0  157       3       jdk.internal.misc.Unsafe::putReferenceRelease (9 bytes)
Event: 0.092 Thread 0x000002407fa75db0 nmethod 157 0x000002406f715910 code [0x000002406f715aa0, 0x000002406f715bf8]
Event: 0.092 Thread 0x000002407fa75db0  159       3       java.util.concurrent.ConcurrentHashMap::setTabAt (20 bytes)
Event: 0.092 Thread 0x000002407fa75db0 nmethod 159 0x000002406f715c90 code [0x000002406f715e40, 0x000002406f716068]
Event: 0.094 Thread 0x000002407fa75db0  160       3       java.util.concurrent.ConcurrentHashMap::get (162 bytes)
Event: 0.095 Thread 0x000002407fa75db0 nmethod 160 0x000002406f716110 code [0x000002406f716360, 0x000002406f716e48]

GC Heap History (0 events):
No events

Deoptimization events (0 events):
No events

Classes unloaded (0 events):
No events

Classes redefined (0 events):
No events

Internal exceptions (0 events):
No events

VM Operations (2 events):
Event: 0.050 Executing VM operation: HandshakeAllThreads
Event: 0.050 Executing VM operation: HandshakeAllThreads done

Events (20 events):
Event: 0.072 loading class jdk/internal/loader/URLClassPath$FileLoader
Event: 0.072 loading class jdk/internal/loader/URLClassPath$FileLoader done
Event: 0.090 loading class sun/net/www/protocol/file/FileURLConnection
Event: 0.090 loading class sun/net/www/URLConnection
Event: 0.090 loading class java/net/URLConnection
Event: 0.090 loading class java/net/URLConnection done
Event: 0.090 loading class sun/net/www/URLConnection done
Event: 0.090 loading class sun/net/www/protocol/file/FileURLConnection done
Event: 0.090 loading class sun/net/www/MessageHeader
Event: 0.090 loading class sun/net/www/MessageHeader done
Event: 0.090 loading class java/io/FilePermission$1
Event: 0.091 loading class jdk/internal/access/JavaIOFilePermissionAccess
Event: 0.091 loading class jdk/internal/access/JavaIOFilePermissionAccess done
Event: 0.091 loading class java/io/FilePermission$1 done
Event: 0.095 loading class java/io/FilePermissionCollection
Event: 0.095 loading class java/io/FilePermissionCollection done
Event: 0.095 loading class java/util/Vector
Event: 0.095 loading class java/util/Vector done
Event: 0.095 loading class java/io/FilePermissionCollection$1
Event: 0.095 loading class java/io/FilePermissionCollection$1 done


Dynamic libraries:
0x00007ff6f1e90000 - 0x00007ff6f1e9e000 	C:\Users\xtron\Desktop\java\jdk-17.0.2\bin\java.exe
0x00007fff91150000 - 0x00007fff91348000 	C:\WINDOWS\SYSTEM32\ntdll.dll
0x00007fff90d30000 - 0x00007fff90ded000 	C:\WINDOWS\System32\KERNEL32.DLL
0x00007fff8ecd0000 - 0x00007fff8efc6000 	C:\WINDOWS\System32\KERNELBASE.dll
0x00007fff8f0b0000 - 0x00007fff8f1b0000 	C:\WINDOWS\System32\ucrtbase.dll
0x00007fff86580000 - 0x00007fff86598000 	C:\Users\xtron\Desktop\java\jdk-17.0.2\bin\jli.dll
0x00007fff8a020000 - 0x00007fff8a03a000 	C:\Users\xtron\Desktop\java\jdk-17.0.2\bin\VCRUNTIME140.dll
0x00007fff90ae0000 - 0x00007fff90c7e000 	C:\WINDOWS\System32\USER32.dll
0x00007fff8eb40000 - 0x00007fff8eb62000 	C:\WINDOWS\System32\win32u.dll
0x00007fff77620000 - 0x00007fff778ba000 	C:\WINDOWS\WinSxS\amd64_microsoft.windows.common-controls_6595b64144ccf1df_6.0.19041.3636_none_60b6a03d71f818d5\COMCTL32.dll
0x00007fff90980000 - 0x00007fff909ac000 	C:\WINDOWS\System32\GDI32.dll
0x00007fff90880000 - 0x00007fff9091e000 	C:\WINDOWS\System32\msvcrt.dll
0x00007fff8ea20000 - 0x00007fff8eb3a000 	C:\WINDOWS\System32\gdi32full.dll
0x00007fff8e8c0000 - 0x00007fff8e95d000 	C:\WINDOWS\System32\msvcp_win.dll
0x00007fff90720000 - 0x00007fff90750000 	C:\WINDOWS\System32\IMM32.DLL
0x00007fff8a010000 - 0x00007fff8a01c000 	C:\Users\xtron\Desktop\java\jdk-17.0.2\bin\vcruntime140_1.dll
0x00007fff78430000 - 0x00007fff784bd000 	C:\Users\xtron\Desktop\java\jdk-17.0.2\bin\msvcp140.dll
0x00007ffef98f0000 - 0x00007ffefa4b1000 	C:\Users\xtron\Desktop\java\jdk-17.0.2\bin\server\jvm.dll
0x00007fff8f310000 - 0x00007fff8f3bf000 	C:\WINDOWS\System32\ADVAPI32.dll
0x00007fff90ec0000 - 0x00007fff90f5c000 	C:\WINDOWS\System32\sechost.dll
0x00007fff90750000 - 0x00007fff90876000 	C:\WINDOWS\System32\RPCRT4.dll
0x00007fff90710000 - 0x00007fff90718000 	C:\WINDOWS\System32\PSAPI.DLL
0x00007fff7be90000 - 0x00007fff7beb7000 	C:\WINDOWS\SYSTEM32\WINMM.dll
0x00007fff6bcc0000 - 0x00007fff6bcc9000 	C:\WINDOWS\SYSTEM32\WSOCK32.dll
0x00007fff90e50000 - 0x00007fff90ebb000 	C:\WINDOWS\System32\WS2_32.dll
0x00007fff84690000 - 0x00007fff8469a000 	C:\WINDOWS\SYSTEM32\VERSION.dll
0x00007fff8c6b0000 - 0x00007fff8c6c2000 	C:\WINDOWS\SYSTEM32\kernel.appcore.dll
0x00007fff89280000 - 0x00007fff8928a000 	C:\Users\xtron\Desktop\java\jdk-17.0.2\bin\jimage.dll
0x00007fff7a3c0000 - 0x00007fff7a5a4000 	C:\WINDOWS\SYSTEM32\DBGHELP.DLL
0x00007fff757d0000 - 0x00007fff75804000 	C:\WINDOWS\SYSTEM32\dbgcore.DLL
0x00007fff8e830000 - 0x00007fff8e8b2000 	C:\WINDOWS\System32\bcryptPrimitives.dll
0x00007fff84750000 - 0x00007fff84775000 	C:\Users\xtron\Desktop\java\jdk-17.0.2\bin\java.dll
0x00007fff6ce10000 - 0x00007fff6cee6000 	C:\Users\xtron\Desktop\java\jdk-17.0.2\bin\jsvml.dll
0x00007fff8ffc0000 - 0x00007fff90704000 	C:\WINDOWS\System32\SHELL32.dll
0x00007fff8c8b0000 - 0x00007fff8d04b000 	C:\WINDOWS\SYSTEM32\windows.storage.dll
0x00007fff8f4e0000 - 0x00007fff8f834000 	C:\WINDOWS\System32\combase.dll
0x00007fff8e270000 - 0x00007fff8e29d000 	C:\WINDOWS\SYSTEM32\Wldp.dll
0x00007fff8fda0000 - 0x00007fff8fe4d000 	C:\WINDOWS\System32\SHCORE.dll
0x00007fff8fcc0000 - 0x00007fff8fd15000 	C:\WINDOWS\System32\shlwapi.dll
0x00007fff8e760000 - 0x00007fff8e785000 	C:\WINDOWS\SYSTEM32\profapi.dll
0x00007fff87e70000 - 0x00007fff87e89000 	C:\Users\xtron\Desktop\java\jdk-17.0.2\bin\net.dll
0x00007fff84410000 - 0x00007fff8451a000 	C:\WINDOWS\SYSTEM32\WINHTTP.dll
0x00007fff8df70000 - 0x00007fff8dfda000 	C:\WINDOWS\system32\mswsock.dll
0x00007fff865a0000 - 0x00007fff865b6000 	C:\Users\xtron\Desktop\java\jdk-17.0.2\bin\nio.dll
0x00007fff851c0000 - 0x00007fff851d8000 	C:\Users\xtron\Desktop\java\jdk-17.0.2\bin\zip.dll

dbghelp: loaded successfully - version: 4.0.5 - missing functions: none
symbol engine: initialized successfully - sym options: 0x614 - pdb path: .;C:\Users\xtron\Desktop\java\jdk-17.0.2\bin;C:\WINDOWS\SYSTEM32;C:\WINDOWS\WinSxS\amd64_microsoft.windows.common-controls_6595b64144ccf1df_6.0.19041.3636_none_60b6a03d71f818d5;C:\Users\xtron\Desktop\java\jdk-17.0.2\bin\server

VM Arguments:
jvm_args: -Dclassworlds.conf=C:\Program Files\NetBeans-18\netbeans\java\maven\bin\m2.conf -Dmaven.home=C:\Program Files\NetBeans-18\netbeans\java\maven -Dlibrary.jansi.path=C:\Program Files\NetBeans-18\netbeans\java\maven\lib\jansi-native -Dmaven.multiModuleProjectDirectory=C:\Users\xtron\Desktop\TCD-POO\TCD-POO 
java_command: org.codehaus.plexus.classworlds.launcher.Launcher -Dexec.vmArgs= -Dexec.args=${exec.vmArgs} -classpath %classpath ${exec.mainClass} ${exec.appArgs} -Dexec.appArgs= -Dexec.mainClass=gui.TelaAutenticacao -Dexec.executable=C:\Users\xtron\Desktop\java\jdk-17.0.2\bin\java.exe -Dmaven.ext.class.path=C:\Program Files\NetBeans-18\netbeans\java\maven-nblib\netbeans-eventspy.jar -Dfile.encoding=UTF-8 --no-transfer-progress process-classes org.codehaus.mojo:exec-maven-plugin:3.1.0:exec
java_class_path (initial): C:\Program Files\NetBeans-18\netbeans\java\maven\boot\plexus-classworlds-2.6.0.jar
Launcher Type: SUN_STANDARD

[Global flags]
     intx CICompilerCount                          = 4                                         {product} {ergonomic}
     uint ConcGCThreads                            = 2                                         {product} {ergonomic}
     uint G1ConcRefinementThreads                  = 8                                         {product} {ergonomic}
   size_t G1HeapRegionSize                         = 1048576                                   {product} {ergonomic}
    uintx GCDrainStackTargetSize                   = 64                                        {product} {ergonomic}
   size_t InitialHeapSize                          = 134217728                                 {product} {ergonomic}
   size_t MarkStackSize                            = 4194304                                   {product} {ergonomic}
   size_t MaxHeapSize                              = 2118123520                                {product} {ergonomic}
   size_t MaxNewSize                               = 1270874112                                {product} {ergonomic}
   size_t MinHeapDeltaBytes                        = 1048576                                   {product} {ergonomic}
   size_t MinHeapSize                              = 8388608                                   {product} {ergonomic}
    uintx NonNMethodCodeHeapSize                   = 5839372                                {pd product} {ergonomic}
    uintx NonProfiledCodeHeapSize                  = 122909434                              {pd product} {ergonomic}
    uintx ProfiledCodeHeapSize                     = 122909434                              {pd product} {ergonomic}
    uintx ReservedCodeCacheSize                    = 251658240                              {pd product} {ergonomic}
     bool SegmentedCodeCache                       = true                                      {product} {ergonomic}
   size_t SoftMaxHeapSize                          = 2118123520                             {manageable} {ergonomic}
     bool UseCompressedClassPointers               = true                           {product lp64_product} {ergonomic}
     bool UseCompressedOops                        = true                           {product lp64_product} {ergonomic}
     bool UseG1GC                                  = true                                      {product} {ergonomic}
     bool UseLargePagesIndividualAllocation        = false                                  {pd product} {ergonomic}

Logging:
Log output configuration:
 #0: stdout all=warning uptime,level,tags
 #1: stderr all=off uptime,level,tags

Environment Variables:
JAVA_HOME=C:\Users\xtron\Desktop\java\jdk-17.0.2
PATH=C:\Program Files (x86)\Intel\iCLS Client\;C:\Program Files\Intel\iCLS Client\;C:\Windows\system32;C:\Windows;C:\Windows\System32\Wbem;C:\Windows\System32\WindowsPowerShell\v1.0\;C:\Program Files (x86)\NVIDIA Corporation\PhysX\Common;C:\Program Files (x86)\Intel\Intel(R) Management Engine Components\DAL;C:\Program Files\Intel\Intel(R) Management Engine Components\DAL;C:\Program Files (x86)\Intel\Intel(R) Management Engine Components\IPT;C:\Program Files\Intel\Intel(R) Management Engine Components\IPT;C:\WINDOWS\system32;C:\WINDOWS;C:\WINDOWS\System32\Wbem;C:\WINDOWS\System32\WindowsPowerShell\v1.0\;C:\WINDOWS\System32\OpenSSH\;C:\Program Files\NVIDIA Corporation\NVIDIA NvDLISR;C:\Program Files\Process Lasso\;C:\MinGW\bin;C:\Users\xtron\Desktop\java\jdk-17.0.2\bin;C:\Program Files\Git\cmd;C:\Users\xtron\AppData\Local\Microsoft\WindowsApps;C:\Program Files\JetBrains\PyCharm Community Edition 2021.1.1\bin;C:\Users\xtron\AppData\Local\Programs\Microsoft VS Code\bin;C:\Users\xtron\AppData\Local\gitkraken\bin;%USERPROFILE%\AppData\Local\Microsoft\WindowsApps;
USERNAME=xtron
OS=Windows_NT
PROCESSOR_IDENTIFIER=Intel64 Family 6 Model 158 Stepping 9, GenuineIntel



---------------  S Y S T E M  ---------------

OS:
 Windows 10 , 64 bit Build 19041 (10.0.19041.3636)
OS uptime: 0 days 3:14 hours
Hyper-V role detected

CPU: total 8 (initial active 8) (4 cores per cpu, 2 threads per core) family 6 model 158 stepping 9 microcode 0xb4, cx8, cmov, fxsr, ht, mmx, 3dnowpref, sse, sse2, sse3, ssse3, sse4.1, sse4.2, popcnt, lzcnt, tsc, tscinvbit, avx, avx2, aes, erms, clmul, bmi1, bmi2, adx, fma, vzeroupper, clflush, clflushopt, hv

Memory: 4k page, system-wide physical 8076M (1046M free)
TotalPageFile size 12172M (AvailPageFile size 5M)
current process WorkingSet (physical memory assigned to process): 31M, peak: 31M
current process commit charge ("private bytes"): 211M, peak: 211M

vm_info: OpenJDK 64-Bit Server VM (17.0.2+8-86) for windows-amd64 JRE (17.0.2+8-86), built on Dec  7 2021 21:49:10 by "mach5one" with MS VC++ 16.8 / 16.9 (VS2019)

END.
